{"/home/tim/github/event-scheduling/server/src/server.ts": {"path":"/home/tim/github/event-scheduling/server/src/server.ts","statementMap":{"0":{"start":{"line":1,"column":0},"end":{"line":1,"column":24}},"1":{"start":{"line":2,"column":0},"end":{"line":2,"column":59}},"2":{"start":{"line":3,"column":0},"end":{"line":3,"column":62}},"3":{"start":{"line":4,"column":0},"end":{"line":4,"column":24}},"4":{"start":{"line":5,"column":0},"end":{"line":5,"column":37}},"5":{"start":{"line":6,"column":0},"end":{"line":6,"column":28}},"6":{"start":{"line":7,"column":0},"end":{"line":7,"column":47}},"7":{"start":{"line":9,"column":0},"end":{"line":9,"column":92}},"8":{"start":{"line":16,"column":22},"end":{"line":16,"column":34}},"9":{"start":{"line":17,"column":4},"end":{"line":17,"column":21}},"10":{"start":{"line":18,"column":4},"end":{"line":18,"column":25}},"11":{"start":{"line":19,"column":4},"end":{"line":19,"column":35}},"12":{"start":{"line":20,"column":4},"end":{"line":20,"column":23}},"13":{"start":{"line":21,"column":4},"end":{"line":21,"column":45}},"14":{"start":{"line":23,"column":4},"end":{"line":23,"column":27}},"15":{"start":{"line":27,"column":4},"end":{"line":27,"column":25}},"16":{"start":{"line":28,"column":4},"end":{"line":28,"column":36}},"17":{"start":{"line":29,"column":4},"end":{"line":29,"column":33}},"18":{"start":{"line":30,"column":4},"end":{"line":30,"column":58}},"19":{"start":{"line":31,"column":4},"end":{"line":33,"column":null}},"20":{"start":{"line":32,"column":6},"end":{"line":32,"column":34}},"21":{"start":{"line":35,"column":4},"end":{"line":35,"column":110}},"22":{"start":{"line":35,"column":58},"end":{"line":35,"column":108}},"23":{"start":{"line":38,"column":4},"end":{"line":38,"column":107}},"24":{"start":{"line":38,"column":60},"end":{"line":38,"column":105}},"25":{"start":{"line":41,"column":4},"end":{"line":41,"column":77}},"26":{"start":{"line":44,"column":4},"end":{"line":44,"column":101}},"27":{"start":{"line":47,"column":4},"end":{"line":47,"column":49}},"28":{"start":{"line":50,"column":4},"end":{"line":50,"column":34}},"29":{"start":{"line":53,"column":4},"end":{"line":53,"column":34}},"30":{"start":{"line":57,"column":4},"end":{"line":59,"column":7}},"31":{"start":{"line":58,"column":6},"end":{"line":58,"column":52}},"32":{"start":{"line":63,"column":4},"end":{"line":65,"column":null}},"33":{"start":{"line":64,"column":6},"end":{"line":64,"column":26}},"34":{"start":{"line":69,"column":13},"end":{"line":69,"column":79}}},"fnMap":{"0":{"name":"(anonymous_8)","decl":{"start":{"line":16,"column":2},"end":{"line":16,"column":22}},"loc":{"start":{"line":16,"column":55},"end":{"line":24,"column":3}}},"1":{"name":"(anonymous_9)","decl":{"start":{"line":26,"column":2},"end":{"line":26,"column":17}},"loc":{"start":{"line":26,"column":17},"end":{"line":54,"column":3}}},"2":{"name":"(anonymous_10)","decl":{"start":{"line":35,"column":27},"end":{"line":35,"column":28}},"loc":{"start":{"line":35,"column":58},"end":{"line":35,"column":108}}},"3":{"name":"(anonymous_11)","decl":{"start":{"line":38,"column":29},"end":{"line":38,"column":30}},"loc":{"start":{"line":38,"column":60},"end":{"line":38,"column":105}}},"4":{"name":"(anonymous_12)","decl":{"start":{"line":56,"column":2},"end":{"line":56,"column":8}},"loc":{"start":{"line":56,"column":8},"end":{"line":60,"column":3}}},"5":{"name":"(anonymous_13)","decl":{"start":{"line":57,"column":45},"end":{"line":57,"column":48}},"loc":{"start":{"line":57,"column":50},"end":{"line":59,"column":5}}},"6":{"name":"(anonymous_14)","decl":{"start":{"line":62,"column":8},"end":{"line":62,"column":13}},"loc":{"start":{"line":62,"column":13},"end":{"line":66,"column":null}}}},"branchMap":{"0":{"loc":{"start":{"line":31,"column":4},"end":{"line":33,"column":null}},"type":"if","locations":[{"start":{"line":31,"column":4},"end":{"line":33,"column":null}}]},"1":{"loc":{"start":{"line":63,"column":4},"end":{"line":65,"column":null}},"type":"if","locations":[{"start":{"line":63,"column":4},"end":{"line":65,"column":null}}]}},"s":{"0":0,"1":0,"2":0,"3":0,"4":0,"5":0,"6":0,"7":0,"8":0,"9":0,"10":0,"11":0,"12":0,"13":0,"14":0,"15":0,"16":0,"17":0,"18":0,"19":0,"20":0,"21":0,"22":0,"23":0,"24":0,"25":0,"26":0,"27":0,"28":0,"29":0,"30":0,"31":0,"32":0,"33":0,"34":0},"f":{"0":0,"1":0,"2":0,"3":0,"4":0,"5":0,"6":0},"b":{"0":[0],"1":[0]}}
,"/home/tim/github/event-scheduling/server/src/controllers/event.controller.ts": {"path":"/home/tim/github/event-scheduling/server/src/controllers/event.controller.ts","statementMap":{"0":{"start":{"line":1,"column":0},"end":{"line":1,"column":88}},"1":{"start":{"line":3,"column":0},"end":{"line":3,"column":71}},"2":{"start":{"line":8,"column":22},"end":{"line":8,"column":48}},"3":{"start":{"line":14,"column":2},"end":{"line":31,"column":4}},"4":{"start":{"line":14,"column":49},"end":{"line":31,"column":4}},"5":{"start":{"line":15,"column":4},"end":{"line":30,"column":null}},"6":{"start":{"line":16,"column":50},"end":{"line":16,"column":58}},"7":{"start":{"line":18,"column":6},"end":{"line":21,"column":null}},"8":{"start":{"line":19,"column":8},"end":{"line":19,"column":65}},"9":{"start":{"line":20,"column":8},"end":{"line":20,"column":15}},"10":{"start":{"line":22,"column":20},"end":{"line":26,"column":8}},"11":{"start":{"line":27,"column":6},"end":{"line":27,"column":68}},"12":{"start":{"line":29,"column":6},"end":{"line":29,"column":42}},"13":{"start":{"line":33,"column":2},"end":{"line":43,"column":4}},"14":{"start":{"line":33,"column":46},"end":{"line":43,"column":4}},"15":{"start":{"line":34,"column":4},"end":{"line":42,"column":null}},"16":{"start":{"line":35,"column":21},"end":{"line":35,"column":31}},"17":{"start":{"line":36,"column":26},"end":{"line":36,"column":35}},"18":{"start":{"line":38,"column":20},"end":{"line":38,"column":73}},"19":{"start":{"line":39,"column":6},"end":{"line":39,"column":82}},"20":{"start":{"line":41,"column":6},"end":{"line":41,"column":42}},"21":{"start":{"line":45,"column":2},"end":{"line":63,"column":4}},"22":{"start":{"line":45,"column":47},"end":{"line":63,"column":4}},"23":{"start":{"line":46,"column":4},"end":{"line":62,"column":null}},"24":{"start":{"line":47,"column":75},"end":{"line":47,"column":84}},"25":{"start":{"line":48,"column":6},"end":{"line":51,"column":null}},"26":{"start":{"line":49,"column":8},"end":{"line":49,"column":60}},"27":{"start":{"line":50,"column":8},"end":{"line":50,"column":15}},"28":{"start":{"line":52,"column":21},"end":{"line":58,"column":8}},"29":{"start":{"line":59,"column":6},"end":{"line":59,"column":75}},"30":{"start":{"line":61,"column":6},"end":{"line":61,"column":42}},"31":{"start":{"line":65,"column":2},"end":{"line":82,"column":4}},"32":{"start":{"line":65,"column":49},"end":{"line":82,"column":4}},"33":{"start":{"line":66,"column":4},"end":{"line":81,"column":null}},"34":{"start":{"line":67,"column":21},"end":{"line":67,"column":31}},"35":{"start":{"line":68,"column":50},"end":{"line":68,"column":58}},"36":{"start":{"line":69,"column":6},"end":{"line":71,"column":null}},"37":{"start":{"line":70,"column":8},"end":{"line":70,"column":69}},"38":{"start":{"line":72,"column":20},"end":{"line":77,"column":8}},"39":{"start":{"line":78,"column":6},"end":{"line":78,"column":82}},"40":{"start":{"line":80,"column":6},"end":{"line":80,"column":42}},"41":{"start":{"line":84,"column":2},"end":{"line":92,"column":4}},"42":{"start":{"line":84,"column":49},"end":{"line":92,"column":4}},"43":{"start":{"line":85,"column":4},"end":{"line":91,"column":null}},"44":{"start":{"line":86,"column":21},"end":{"line":86,"column":31}},"45":{"start":{"line":87,"column":6},"end":{"line":87,"column":54}},"46":{"start":{"line":88,"column":6},"end":{"line":88,"column":36}},"47":{"start":{"line":90,"column":6},"end":{"line":90,"column":42}},"48":{"start":{"line":98,"column":2},"end":{"line":109,"column":4}},"49":{"start":{"line":98,"column":54},"end":{"line":109,"column":4}},"50":{"start":{"line":99,"column":4},"end":{"line":108,"column":null}},"51":{"start":{"line":100,"column":34},"end":{"line":100,"column":44}},"52":{"start":{"line":101,"column":20},"end":{"line":104,"column":8}},"53":{"start":{"line":105,"column":6},"end":{"line":105,"column":82}},"54":{"start":{"line":107,"column":6},"end":{"line":107,"column":42}},"55":{"start":{"line":111,"column":2},"end":{"line":119,"column":4}},"56":{"start":{"line":111,"column":59},"end":{"line":119,"column":4}},"57":{"start":{"line":112,"column":4},"end":{"line":118,"column":null}},"58":{"start":{"line":113,"column":26},"end":{"line":113,"column":36}},"59":{"start":{"line":114,"column":6},"end":{"line":114,"column":69}},"60":{"start":{"line":115,"column":6},"end":{"line":115,"column":55}},"61":{"start":{"line":117,"column":6},"end":{"line":117,"column":42}},"62":{"start":{"line":125,"column":2},"end":{"line":138,"column":4}},"63":{"start":{"line":125,"column":61},"end":{"line":138,"column":4}},"64":{"start":{"line":126,"column":4},"end":{"line":137,"column":null}},"65":{"start":{"line":127,"column":45},"end":{"line":127,"column":55}},"66":{"start":{"line":128,"column":37},"end":{"line":128,"column":45}},"67":{"start":{"line":129,"column":20},"end":{"line":133,"column":8}},"68":{"start":{"line":134,"column":6},"end":{"line":134,"column":82}},"69":{"start":{"line":136,"column":6},"end":{"line":136,"column":42}},"70":{"start":{"line":140,"column":2},"end":{"line":151,"column":4}},"71":{"start":{"line":140,"column":66},"end":{"line":151,"column":4}},"72":{"start":{"line":141,"column":4},"end":{"line":150,"column":null}},"73":{"start":{"line":142,"column":45},"end":{"line":142,"column":55}},"74":{"start":{"line":143,"column":19},"end":{"line":146,"column":8}},"75":{"start":{"line":147,"column":6},"end":{"line":147,"column":68}},"76":{"start":{"line":149,"column":6},"end":{"line":149,"column":42}},"77":{"start":{"line":153,"column":2},"end":{"line":166,"column":4}},"78":{"start":{"line":153,"column":67},"end":{"line":166,"column":4}},"79":{"start":{"line":154,"column":4},"end":{"line":165,"column":null}},"80":{"start":{"line":155,"column":45},"end":{"line":155,"column":55}},"81":{"start":{"line":156,"column":29},"end":{"line":156,"column":37}},"82":{"start":{"line":157,"column":19},"end":{"line":161,"column":8}},"83":{"start":{"line":162,"column":6},"end":{"line":162,"column":96}},"84":{"start":{"line":164,"column":6},"end":{"line":164,"column":42}},"85":{"start":{"line":7,"column":0},"end":{"line":7,"column":13}},"86":{"start":{"line":168,"column":24},"end":{"line":168,"column":57}},"87":{"start":{"line":169,"column":0},"end":{"line":169,"column":31}}},"fnMap":{"0":{"name":"(anonymous_8)","decl":{"start":{"line":8,"column":2},"end":{"line":8,"column":22}},"loc":{"start":{"line":8,"column":48},"end":{"line":8,"column":52}}},"1":{"name":"(anonymous_9)","decl":{"start":{"line":14,"column":30},"end":{"line":14,"column":37}},"loc":{"start":{"line":14,"column":49},"end":{"line":31,"column":4}}},"2":{"name":"(anonymous_10)","decl":{"start":{"line":14,"column":49},"end":{"line":14,"column":null}},"loc":{"start":{"line":14,"column":49},"end":{"line":31,"column":3}}},"3":{"name":"(anonymous_11)","decl":{"start":{"line":33,"column":27},"end":{"line":33,"column":34}},"loc":{"start":{"line":33,"column":46},"end":{"line":43,"column":4}}},"4":{"name":"(anonymous_12)","decl":{"start":{"line":33,"column":46},"end":{"line":33,"column":null}},"loc":{"start":{"line":33,"column":46},"end":{"line":43,"column":3}}},"5":{"name":"(anonymous_13)","decl":{"start":{"line":45,"column":28},"end":{"line":45,"column":35}},"loc":{"start":{"line":45,"column":47},"end":{"line":63,"column":4}}},"6":{"name":"(anonymous_14)","decl":{"start":{"line":45,"column":47},"end":{"line":45,"column":null}},"loc":{"start":{"line":45,"column":47},"end":{"line":63,"column":3}}},"7":{"name":"(anonymous_15)","decl":{"start":{"line":65,"column":30},"end":{"line":65,"column":37}},"loc":{"start":{"line":65,"column":49},"end":{"line":82,"column":4}}},"8":{"name":"(anonymous_16)","decl":{"start":{"line":65,"column":49},"end":{"line":65,"column":null}},"loc":{"start":{"line":65,"column":49},"end":{"line":82,"column":3}}},"9":{"name":"(anonymous_17)","decl":{"start":{"line":84,"column":30},"end":{"line":84,"column":37}},"loc":{"start":{"line":84,"column":49},"end":{"line":92,"column":4}}},"10":{"name":"(anonymous_18)","decl":{"start":{"line":84,"column":49},"end":{"line":84,"column":null}},"loc":{"start":{"line":84,"column":49},"end":{"line":92,"column":3}}},"11":{"name":"(anonymous_19)","decl":{"start":{"line":98,"column":35},"end":{"line":98,"column":42}},"loc":{"start":{"line":98,"column":54},"end":{"line":109,"column":4}}},"12":{"name":"(anonymous_20)","decl":{"start":{"line":98,"column":54},"end":{"line":98,"column":null}},"loc":{"start":{"line":98,"column":54},"end":{"line":109,"column":3}}},"13":{"name":"(anonymous_21)","decl":{"start":{"line":111,"column":40},"end":{"line":111,"column":47}},"loc":{"start":{"line":111,"column":59},"end":{"line":119,"column":4}}},"14":{"name":"(anonymous_22)","decl":{"start":{"line":111,"column":59},"end":{"line":111,"column":null}},"loc":{"start":{"line":111,"column":59},"end":{"line":119,"column":3}}},"15":{"name":"(anonymous_23)","decl":{"start":{"line":125,"column":42},"end":{"line":125,"column":49}},"loc":{"start":{"line":125,"column":61},"end":{"line":138,"column":4}}},"16":{"name":"(anonymous_24)","decl":{"start":{"line":125,"column":61},"end":{"line":125,"column":null}},"loc":{"start":{"line":125,"column":61},"end":{"line":138,"column":3}}},"17":{"name":"(anonymous_25)","decl":{"start":{"line":140,"column":47},"end":{"line":140,"column":54}},"loc":{"start":{"line":140,"column":66},"end":{"line":151,"column":4}}},"18":{"name":"(anonymous_26)","decl":{"start":{"line":140,"column":66},"end":{"line":140,"column":null}},"loc":{"start":{"line":140,"column":66},"end":{"line":151,"column":3}}},"19":{"name":"(anonymous_27)","decl":{"start":{"line":153,"column":48},"end":{"line":153,"column":55}},"loc":{"start":{"line":153,"column":67},"end":{"line":166,"column":4}}},"20":{"name":"(anonymous_28)","decl":{"start":{"line":153,"column":67},"end":{"line":153,"column":null}},"loc":{"start":{"line":153,"column":67},"end":{"line":166,"column":3}}}},"branchMap":{"0":{"loc":{"start":{"line":18,"column":6},"end":{"line":21,"column":null}},"type":"if","locations":[{"start":{"line":18,"column":6},"end":{"line":21,"column":null}}]},"1":{"loc":{"start":{"line":39,"column":61},"end":{"line":39,"column":78}},"type":"cond-expr","locations":[{"start":{"line":39,"column":69},"end":{"line":39,"column":72}},{"start":{"line":39,"column":75},"end":{"line":39,"column":78}}]},"2":{"loc":{"start":{"line":48,"column":6},"end":{"line":51,"column":null}},"type":"if","locations":[{"start":{"line":48,"column":6},"end":{"line":51,"column":null}}]},"3":{"loc":{"start":{"line":48,"column":10},"end":{"line":48,"column":79}},"type":"binary-expr","locations":[{"start":{"line":48,"column":10},"end":{"line":48,"column":22}},{"start":{"line":48,"column":26},"end":{"line":48,"column":36}},{"start":{"line":48,"column":40},"end":{"line":48,"column":79}}]},"4":{"loc":{"start":{"line":59,"column":42},"end":{"line":59,"column":54}},"type":"binary-expr","locations":[{"start":{"line":59,"column":42},"end":{"line":59,"column":48}},{"start":{"line":59,"column":52},"end":{"line":59,"column":54}}]},"5":{"loc":{"start":{"line":69,"column":6},"end":{"line":71,"column":null}},"type":"if","locations":[{"start":{"line":69,"column":6},"end":{"line":71,"column":null}}]},"6":{"loc":{"start":{"line":78,"column":61},"end":{"line":78,"column":78}},"type":"cond-expr","locations":[{"start":{"line":78,"column":69},"end":{"line":78,"column":72}},{"start":{"line":78,"column":75},"end":{"line":78,"column":78}}]},"7":{"loc":{"start":{"line":105,"column":61},"end":{"line":105,"column":78}},"type":"cond-expr","locations":[{"start":{"line":105,"column":69},"end":{"line":105,"column":72}},{"start":{"line":105,"column":75},"end":{"line":105,"column":78}}]},"8":{"loc":{"start":{"line":134,"column":61},"end":{"line":134,"column":78}},"type":"cond-expr","locations":[{"start":{"line":134,"column":69},"end":{"line":134,"column":72}},{"start":{"line":134,"column":75},"end":{"line":134,"column":78}}]},"9":{"loc":{"start":{"line":147,"column":48},"end":{"line":147,"column":64}},"type":"cond-expr","locations":[{"start":{"line":147,"column":55},"end":{"line":147,"column":58}},{"start":{"line":147,"column":61},"end":{"line":147,"column":64}}]},"10":{"loc":{"start":{"line":162,"column":42},"end":{"line":162,"column":62}},"type":"cond-expr","locations":[{"start":{"line":162,"column":51},"end":{"line":162,"column":55}},{"start":{"line":162,"column":58},"end":{"line":162,"column":62}}]},"11":{"loc":{"start":{"line":162,"column":76},"end":{"line":162,"column":92}},"type":"cond-expr","locations":[{"start":{"line":162,"column":83},"end":{"line":162,"column":86}},{"start":{"line":162,"column":89},"end":{"line":162,"column":92}}]}},"s":{"0":0,"1":0,"2":0,"3":0,"4":0,"5":0,"6":0,"7":0,"8":0,"9":0,"10":0,"11":0,"12":0,"13":0,"14":0,"15":0,"16":0,"17":0,"18":0,"19":0,"20":0,"21":0,"22":0,"23":0,"24":0,"25":0,"26":0,"27":0,"28":0,"29":0,"30":0,"31":0,"32":0,"33":0,"34":0,"35":0,"36":0,"37":0,"38":0,"39":0,"40":0,"41":0,"42":0,"43":0,"44":0,"45":0,"46":0,"47":0,"48":0,"49":0,"50":0,"51":0,"52":0,"53":0,"54":0,"55":0,"56":0,"57":0,"58":0,"59":0,"60":0,"61":0,"62":0,"63":0,"64":0,"65":0,"66":0,"67":0,"68":0,"69":0,"70":0,"71":0,"72":0,"73":0,"74":0,"75":0,"76":0,"77":0,"78":0,"79":0,"80":0,"81":0,"82":0,"83":0,"84":0,"85":0,"86":0,"87":0},"f":{"0":0,"1":0,"2":0,"3":0,"4":0,"5":0,"6":0,"7":0,"8":0,"9":0,"10":0,"11":0,"12":0,"13":0,"14":0,"15":0,"16":0,"17":0,"18":0,"19":0,"20":0},"b":{"0":[0],"1":[0,0],"2":[0],"3":[0,0,0],"4":[0,0],"5":[0],"6":[0,0],"7":[0,0],"8":[0,0],"9":[0,0],"10":[0,0],"11":[0,0]}}
,"/home/tim/github/event-scheduling/server/src/controllers/user.controller.ts": {"path":"/home/tim/github/event-scheduling/server/src/controllers/user.controller.ts","statementMap":{"0":{"start":{"line":1,"column":0},"end":{"line":1,"column":68}},"1":{"start":{"line":3,"column":0},"end":{"line":3,"column":70}},"2":{"start":{"line":6,"column":22},"end":{"line":6,"column":46}},"3":{"start":{"line":7,"column":2},"end":{"line":15,"column":4}},"4":{"start":{"line":7,"column":48},"end":{"line":15,"column":4}},"5":{"start":{"line":8,"column":4},"end":{"line":14,"column":null}},"6":{"start":{"line":9,"column":23},"end":{"line":9,"column":31}},"7":{"start":{"line":10,"column":19},"end":{"line":10,"column":58}},"8":{"start":{"line":11,"column":6},"end":{"line":11,"column":67}},"9":{"start":{"line":13,"column":6},"end":{"line":13,"column":42}},"10":{"start":{"line":17,"column":2},"end":{"line":25,"column":4}},"11":{"start":{"line":17,"column":48},"end":{"line":25,"column":4}},"12":{"start":{"line":18,"column":4},"end":{"line":24,"column":null}},"13":{"start":{"line":19,"column":21},"end":{"line":19,"column":31}},"14":{"start":{"line":20,"column":6},"end":{"line":20,"column":52}},"15":{"start":{"line":21,"column":6},"end":{"line":21,"column":36}},"16":{"start":{"line":23,"column":6},"end":{"line":23,"column":42}},"17":{"start":{"line":27,"column":2},"end":{"line":34,"column":4}},"18":{"start":{"line":27,"column":50},"end":{"line":34,"column":4}},"19":{"start":{"line":28,"column":4},"end":{"line":33,"column":null}},"20":{"start":{"line":29,"column":6},"end":{"line":29,"column":46}},"21":{"start":{"line":30,"column":6},"end":{"line":30,"column":33}},"22":{"start":{"line":32,"column":6},"end":{"line":32,"column":42}},"23":{"start":{"line":36,"column":2},"end":{"line":44,"column":4}},"24":{"start":{"line":36,"column":45},"end":{"line":44,"column":4}},"25":{"start":{"line":37,"column":4},"end":{"line":43,"column":null}},"26":{"start":{"line":38,"column":21},"end":{"line":38,"column":31}},"27":{"start":{"line":39,"column":19},"end":{"line":39,"column":61}},"28":{"start":{"line":40,"column":6},"end":{"line":40,"column":92}},"29":{"start":{"line":42,"column":6},"end":{"line":42,"column":42}},"30":{"start":{"line":46,"column":2},"end":{"line":53,"column":4}},"31":{"start":{"line":46,"column":47},"end":{"line":53,"column":4}},"32":{"start":{"line":47,"column":4},"end":{"line":52,"column":null}},"33":{"start":{"line":48,"column":20},"end":{"line":48,"column":56}},"34":{"start":{"line":49,"column":6},"end":{"line":49,"column":51}},"35":{"start":{"line":51,"column":6},"end":{"line":51,"column":42}},"36":{"start":{"line":55,"column":2},"end":{"line":64,"column":4}},"37":{"start":{"line":55,"column":48},"end":{"line":64,"column":4}},"38":{"start":{"line":56,"column":4},"end":{"line":63,"column":null}},"39":{"start":{"line":57,"column":21},"end":{"line":57,"column":31}},"40":{"start":{"line":58,"column":23},"end":{"line":58,"column":31}},"41":{"start":{"line":59,"column":19},"end":{"line":59,"column":70}},"42":{"start":{"line":60,"column":6},"end":{"line":60,"column":50}},"43":{"start":{"line":62,"column":6},"end":{"line":62,"column":42}},"44":{"start":{"line":5,"column":0},"end":{"line":5,"column":13}},"45":{"start":{"line":67,"column":23},"end":{"line":67,"column":54}},"46":{"start":{"line":68,"column":0},"end":{"line":68,"column":30}}},"fnMap":{"0":{"name":"(anonymous_8)","decl":{"start":{"line":6,"column":2},"end":{"line":6,"column":22}},"loc":{"start":{"line":6,"column":46},"end":{"line":6,"column":50}}},"1":{"name":"(anonymous_9)","decl":{"start":{"line":7,"column":29},"end":{"line":7,"column":36}},"loc":{"start":{"line":7,"column":48},"end":{"line":15,"column":4}}},"2":{"name":"(anonymous_10)","decl":{"start":{"line":7,"column":48},"end":{"line":7,"column":null}},"loc":{"start":{"line":7,"column":48},"end":{"line":15,"column":3}}},"3":{"name":"(anonymous_11)","decl":{"start":{"line":17,"column":29},"end":{"line":17,"column":36}},"loc":{"start":{"line":17,"column":48},"end":{"line":25,"column":4}}},"4":{"name":"(anonymous_12)","decl":{"start":{"line":17,"column":48},"end":{"line":17,"column":null}},"loc":{"start":{"line":17,"column":48},"end":{"line":25,"column":3}}},"5":{"name":"(anonymous_13)","decl":{"start":{"line":27,"column":33},"end":{"line":27,"column":40}},"loc":{"start":{"line":27,"column":50},"end":{"line":34,"column":4}}},"6":{"name":"(anonymous_14)","decl":{"start":{"line":27,"column":50},"end":{"line":27,"column":null}},"loc":{"start":{"line":27,"column":50},"end":{"line":34,"column":3}}},"7":{"name":"(anonymous_15)","decl":{"start":{"line":36,"column":26},"end":{"line":36,"column":33}},"loc":{"start":{"line":36,"column":45},"end":{"line":44,"column":4}}},"8":{"name":"(anonymous_16)","decl":{"start":{"line":36,"column":45},"end":{"line":36,"column":null}},"loc":{"start":{"line":36,"column":45},"end":{"line":44,"column":3}}},"9":{"name":"(anonymous_17)","decl":{"start":{"line":46,"column":30},"end":{"line":46,"column":37}},"loc":{"start":{"line":46,"column":47},"end":{"line":53,"column":4}}},"10":{"name":"(anonymous_18)","decl":{"start":{"line":46,"column":47},"end":{"line":46,"column":null}},"loc":{"start":{"line":46,"column":47},"end":{"line":53,"column":3}}},"11":{"name":"(anonymous_19)","decl":{"start":{"line":55,"column":29},"end":{"line":55,"column":36}},"loc":{"start":{"line":55,"column":48},"end":{"line":64,"column":4}}},"12":{"name":"(anonymous_20)","decl":{"start":{"line":55,"column":48},"end":{"line":55,"column":null}},"loc":{"start":{"line":55,"column":48},"end":{"line":64,"column":3}}}},"branchMap":{"0":{"loc":{"start":{"line":40,"column":42},"end":{"line":40,"column":54}},"type":"binary-expr","locations":[{"start":{"line":40,"column":42},"end":{"line":40,"column":46}},{"start":{"line":40,"column":50},"end":{"line":40,"column":54}}]},"1":{"loc":{"start":{"line":40,"column":68},"end":{"line":40,"column":88}},"type":"cond-expr","locations":[{"start":{"line":40,"column":79},"end":{"line":40,"column":82}},{"start":{"line":40,"column":85},"end":{"line":40,"column":88}}]},"2":{"loc":{"start":{"line":40,"column":68},"end":{"line":40,"column":76}},"type":"cond-expr","locations":[{"start":{"line":40,"column":72},"end":{"line":40,"column":74}},{"start":{"line":40,"column":68},"end":{"line":40,"column":76}}]},"3":{"loc":{"start":{"line":40,"column":68},"end":{"line":40,"column":74}},"type":"binary-expr","locations":[{"start":{"line":40,"column":68},"end":{"line":40,"column":74}},{"start":{"line":40,"column":68},"end":{"line":40,"column":74}}]}},"s":{"0":0,"1":0,"2":0,"3":0,"4":0,"5":0,"6":0,"7":0,"8":0,"9":0,"10":0,"11":0,"12":0,"13":0,"14":0,"15":0,"16":0,"17":0,"18":0,"19":0,"20":0,"21":0,"22":0,"23":0,"24":0,"25":0,"26":0,"27":0,"28":0,"29":0,"30":0,"31":0,"32":0,"33":0,"34":0,"35":0,"36":0,"37":0,"38":0,"39":0,"40":0,"41":0,"42":0,"43":0,"44":0,"45":0,"46":0},"f":{"0":0,"1":0,"2":0,"3":0,"4":0,"5":0,"6":0,"7":0,"8":0,"9":0,"10":0,"11":0,"12":0},"b":{"0":[0,0],"1":[0,0],"2":[0,0],"3":[0,0]}}
,"/home/tim/github/event-scheduling/server/src/lib/prisma.ts": {"path":"/home/tim/github/event-scheduling/server/src/lib/prisma.ts","statementMap":{"0":{"start":{"line":1,"column":0},"end":{"line":1,"column":46}},"1":{"start":{"line":5,"column":15},"end":{"line":30,"column":1}},"2":{"start":{"line":6,"column":2},"end":{"line":27,"column":null}},"3":{"start":{"line":7,"column":4},"end":{"line":26,"column":7}},"4":{"start":{"line":29,"column":2},"end":{"line":29,"column":17}},"5":{"start":{"line":31,"column":0},"end":{"line":31,"column":24}}},"fnMap":{"0":{"name":"(anonymous_0)","decl":{"start":{"line":5,"column":15},"end":{"line":5,"column":32}},"loc":{"start":{"line":5,"column":34},"end":{"line":30,"column":1}}}},"branchMap":{"0":{"loc":{"start":{"line":6,"column":2},"end":{"line":27,"column":null}},"type":"if","locations":[{"start":{"line":6,"column":2},"end":{"line":27,"column":null}}]}},"s":{"0":0,"1":0,"2":0,"3":0,"4":0,"5":0},"f":{"0":0},"b":{"0":[0]}}
,"/home/tim/github/event-scheduling/server/src/router/event.routes.ts": {"path":"/home/tim/github/event-scheduling/server/src/router/event.routes.ts","statementMap":{"0":{"start":{"line":1,"column":0},"end":{"line":1,"column":62}},"1":{"start":{"line":4,"column":13},"end":{"line":55,"column":2}}},"fnMap":{},"branchMap":{},"s":{"0":0,"1":0},"f":{},"b":{}}
,"/home/tim/github/event-scheduling/server/src/router/index.ts": {"path":"/home/tim/github/event-scheduling/server/src/router/index.ts","statementMap":{"0":{"start":{"line":2,"column":0},"end":{"line":2,"column":45}},"1":{"start":{"line":3,"column":0},"end":{"line":3,"column":43}},"2":{"start":{"line":4,"column":0},"end":{"line":4,"column":59}},"3":{"start":{"line":6,"column":13},"end":{"line":9,"column":2}},"4":{"start":{"line":13,"column":2},"end":{"line":21,"column":5}},"5":{"start":{"line":14,"column":19},"end":{"line":14,"column":34}},"6":{"start":{"line":16,"column":4},"end":{"line":18,"column":7}},"7":{"start":{"line":17,"column":6},"end":{"line":17,"column":54}},"8":{"start":{"line":20,"column":4},"end":{"line":20,"column":30}},"9":{"start":{"line":12,"column":0},"end":{"line":12,"column":16}}},"fnMap":{"0":{"name":"addControllerRoutes","decl":{"start":{"line":12,"column":16},"end":{"line":12,"column":35}},"loc":{"start":{"line":12,"column":48},"end":{"line":22,"column":1}}},"1":{"name":"(anonymous_1)","decl":{"start":{"line":13,"column":40},"end":{"line":13,"column":41}},"loc":{"start":{"line":13,"column":68},"end":{"line":21,"column":3}}},"2":{"name":"(anonymous_2)","decl":{"start":{"line":16,"column":24},"end":{"line":16,"column":25}},"loc":{"start":{"line":16,"column":34},"end":{"line":18,"column":5}}}},"branchMap":{},"s":{"0":0,"1":0,"2":0,"3":0,"4":0,"5":0,"6":0,"7":0,"8":0,"9":0},"f":{"0":0,"1":0,"2":0},"b":{}}
,"/home/tim/github/event-scheduling/server/src/router/user.routes.ts": {"path":"/home/tim/github/event-scheduling/server/src/router/user.routes.ts","statementMap":{"0":{"start":{"line":1,"column":0},"end":{"line":1,"column":60}},"1":{"start":{"line":4,"column":13},"end":{"line":35,"column":2}}},"fnMap":{},"branchMap":{},"s":{"0":0,"1":0},"f":{},"b":{}}
,"/home/tim/github/event-scheduling/server/src/services/event.service.ts": {"path":"/home/tim/github/event-scheduling/server/src/services/event.service.ts","statementMap":{"0":{"start":{"line":1,"column":0},"end":{"line":1,"column":35}},"1":{"start":{"line":6,"column":22},"end":{"line":6,"column":42}},"2":{"start":{"line":12,"column":2},"end":{"line":28,"column":4}},"3":{"start":{"line":20,"column":23},"end":{"line":28,"column":4}},"4":{"start":{"line":21,"column":4},"end":{"line":27,"column":7}},"5":{"start":{"line":30,"column":2},"end":{"line":49,"column":4}},"6":{"start":{"line":40,"column":23},"end":{"line":49,"column":4}},"7":{"start":{"line":41,"column":4},"end":{"line":48,"column":7}},"8":{"start":{"line":51,"column":2},"end":{"line":62,"column":4}},"9":{"start":{"line":51,"column":81},"end":{"line":62,"column":4}},"10":{"start":{"line":52,"column":30},"end":{"line":52,"column":55}},"11":{"start":{"line":53,"column":38},"end":{"line":53,"column":71}},"12":{"start":{"line":54,"column":18},"end":{"line":60,"column":6}},"13":{"start":{"line":61,"column":4},"end":{"line":61,"column":17}},"14":{"start":{"line":64,"column":2},"end":{"line":102,"column":4}},"15":{"start":{"line":76,"column":7},"end":{"line":102,"column":4}},"16":{"start":{"line":77,"column":30},"end":{"line":77,"column":55}},"17":{"start":{"line":78,"column":38},"end":{"line":78,"column":71}},"18":{"start":{"line":80,"column":17},"end":{"line":87,"column":8}},"19":{"start":{"line":81,"column":18},"end":{"line":81,"column":20}},"20":{"start":{"line":82,"column":6},"end":{"line":82,"column":39}},"21":{"start":{"line":82,"column":18},"end":{"line":82,"column":39}},"22":{"start":{"line":83,"column":6},"end":{"line":83,"column":97}},"23":{"start":{"line":83,"column":29},"end":{"line":83,"column":97}},"24":{"start":{"line":84,"column":6},"end":{"line":84,"column":68}},"25":{"start":{"line":84,"column":22},"end":{"line":84,"column":68}},"26":{"start":{"line":85,"column":6},"end":{"line":85,"column":62}},"27":{"start":{"line":85,"column":20},"end":{"line":85,"column":62}},"28":{"start":{"line":86,"column":6},"end":{"line":86,"column":17}},"29":{"start":{"line":89,"column":19},"end":{"line":100,"column":6}},"30":{"start":{"line":101,"column":4},"end":{"line":101,"column":18}},"31":{"start":{"line":104,"column":2},"end":{"line":113,"column":4}},"32":{"start":{"line":104,"column":60},"end":{"line":113,"column":4}},"33":{"start":{"line":105,"column":4},"end":{"line":112,"column":null}},"34":{"start":{"line":106,"column":6},"end":{"line":108,"column":9}},"35":{"start":{"line":110,"column":6},"end":{"line":110,"column":27}},"36":{"start":{"line":111,"column":6},"end":{"line":111,"column":18}},"37":{"start":{"line":119,"column":2},"end":{"line":127,"column":4}},"38":{"start":{"line":119,"column":86},"end":{"line":127,"column":4}},"39":{"start":{"line":120,"column":4},"end":{"line":126,"column":7}},"40":{"start":{"line":129,"column":2},"end":{"line":141,"column":4}},"41":{"start":{"line":129,"column":50},"end":{"line":141,"column":4}},"42":{"start":{"line":130,"column":4},"end":{"line":140,"column":7}},"43":{"start":{"line":143,"column":2},"end":{"line":163,"column":4}},"44":{"start":{"line":151,"column":41},"end":{"line":163,"column":4}},"45":{"start":{"line":152,"column":4},"end":{"line":162,"column":7}},"46":{"start":{"line":169,"column":2},"end":{"line":192,"column":4}},"47":{"start":{"line":177,"column":41},"end":{"line":192,"column":4}},"48":{"start":{"line":178,"column":4},"end":{"line":191,"column":7}},"49":{"start":{"line":194,"column":2},"end":{"line":209,"column":4}},"50":{"start":{"line":200,"column":41},"end":{"line":209,"column":4}},"51":{"start":{"line":201,"column":4},"end":{"line":208,"column":7}},"52":{"start":{"line":5,"column":0},"end":{"line":5,"column":13}},"53":{"start":{"line":212,"column":21},"end":{"line":212,"column":45}},"54":{"start":{"line":213,"column":0},"end":{"line":213,"column":28}}},"fnMap":{"0":{"name":"(anonymous_8)","decl":{"start":{"line":6,"column":2},"end":{"line":6,"column":22}},"loc":{"start":{"line":6,"column":42},"end":{"line":6,"column":46}}},"1":{"name":"(anonymous_9)","decl":{"start":{"line":12,"column":16},"end":{"line":12,"column":23}},"loc":{"start":{"line":20,"column":23},"end":{"line":28,"column":4}}},"2":{"name":"(anonymous_10)","decl":{"start":{"line":20,"column":23},"end":{"line":20,"column":null}},"loc":{"start":{"line":20,"column":23},"end":{"line":28,"column":3}}},"3":{"name":"(anonymous_11)","decl":{"start":{"line":30,"column":16},"end":{"line":30,"column":23}},"loc":{"start":{"line":40,"column":23},"end":{"line":49,"column":4}}},"4":{"name":"(anonymous_12)","decl":{"start":{"line":40,"column":23},"end":{"line":40,"column":null}},"loc":{"start":{"line":40,"column":23},"end":{"line":49,"column":3}}},"5":{"name":"(anonymous_13)","decl":{"start":{"line":51,"column":13},"end":{"line":51,"column":20}},"loc":{"start":{"line":51,"column":81},"end":{"line":62,"column":4}}},"6":{"name":"(anonymous_14)","decl":{"start":{"line":51,"column":81},"end":{"line":51,"column":null}},"loc":{"start":{"line":51,"column":81},"end":{"line":62,"column":3}}},"7":{"name":"(anonymous_15)","decl":{"start":{"line":64,"column":14},"end":{"line":64,"column":21}},"loc":{"start":{"line":76,"column":7},"end":{"line":102,"column":4}}},"8":{"name":"(anonymous_16)","decl":{"start":{"line":76,"column":7},"end":{"line":76,"column":null}},"loc":{"start":{"line":76,"column":7},"end":{"line":102,"column":3}}},"9":{"name":"(anonymous_17)","decl":{"start":{"line":80,"column":18},"end":{"line":80,"column":21}},"loc":{"start":{"line":80,"column":23},"end":{"line":87,"column":5}}},"10":{"name":"(anonymous_18)","decl":{"start":{"line":104,"column":16},"end":{"line":104,"column":23}},"loc":{"start":{"line":104,"column":60},"end":{"line":113,"column":4}}},"11":{"name":"(anonymous_19)","decl":{"start":{"line":104,"column":60},"end":{"line":104,"column":null}},"loc":{"start":{"line":104,"column":60},"end":{"line":113,"column":3}}},"12":{"name":"(anonymous_20)","decl":{"start":{"line":119,"column":19},"end":{"line":119,"column":26}},"loc":{"start":{"line":119,"column":86},"end":{"line":127,"column":4}}},"13":{"name":"(anonymous_21)","decl":{"start":{"line":119,"column":86},"end":{"line":119,"column":null}},"loc":{"start":{"line":119,"column":86},"end":{"line":127,"column":3}}},"14":{"name":"(anonymous_22)","decl":{"start":{"line":129,"column":24},"end":{"line":129,"column":31}},"loc":{"start":{"line":129,"column":50},"end":{"line":141,"column":4}}},"15":{"name":"(anonymous_23)","decl":{"start":{"line":129,"column":50},"end":{"line":129,"column":null}},"loc":{"start":{"line":129,"column":50},"end":{"line":141,"column":3}}},"16":{"name":"(anonymous_24)","decl":{"start":{"line":143,"column":32},"end":{"line":143,"column":39}},"loc":{"start":{"line":151,"column":41},"end":{"line":163,"column":4}}},"17":{"name":"(anonymous_25)","decl":{"start":{"line":151,"column":41},"end":{"line":151,"column":null}},"loc":{"start":{"line":151,"column":41},"end":{"line":163,"column":3}}},"18":{"name":"(anonymous_26)","decl":{"start":{"line":169,"column":26},"end":{"line":169,"column":33}},"loc":{"start":{"line":177,"column":41},"end":{"line":192,"column":4}}},"19":{"name":"(anonymous_27)","decl":{"start":{"line":177,"column":41},"end":{"line":177,"column":null}},"loc":{"start":{"line":177,"column":41},"end":{"line":192,"column":3}}},"20":{"name":"(anonymous_28)","decl":{"start":{"line":194,"column":31},"end":{"line":194,"column":38}},"loc":{"start":{"line":200,"column":41},"end":{"line":209,"column":4}}},"21":{"name":"(anonymous_29)","decl":{"start":{"line":200,"column":41},"end":{"line":200,"column":null}},"loc":{"start":{"line":200,"column":41},"end":{"line":209,"column":3}}}},"branchMap":{"0":{"loc":{"start":{"line":52,"column":30},"end":{"line":52,"column":55}},"type":"cond-expr","locations":[{"start":{"line":52,"column":37},"end":{"line":52,"column":39}},{"start":{"line":52,"column":30},"end":{"line":52,"column":55}}]},"1":{"loc":{"start":{"line":52,"column":30},"end":{"line":52,"column":39}},"type":"binary-expr","locations":[{"start":{"line":52,"column":30},"end":{"line":52,"column":39}},{"start":{"line":52,"column":30},"end":{"line":52,"column":39}}]},"2":{"loc":{"start":{"line":53,"column":38},"end":{"line":53,"column":71}},"type":"cond-expr","locations":[{"start":{"line":53,"column":45},"end":{"line":53,"column":47}},{"start":{"line":53,"column":38},"end":{"line":53,"column":71}}]},"3":{"loc":{"start":{"line":53,"column":38},"end":{"line":53,"column":47}},"type":"binary-expr","locations":[{"start":{"line":53,"column":38},"end":{"line":53,"column":47}},{"start":{"line":53,"column":38},"end":{"line":53,"column":47}}]},"4":{"loc":{"start":{"line":58,"column":22},"end":{"line":58,"column":87}},"type":"cond-expr","locations":[{"start":{"line":58,"column":52},"end":{"line":58,"column":79}},{"start":{"line":58,"column":82},"end":{"line":58,"column":87}}]},"5":{"loc":{"start":{"line":77,"column":30},"end":{"line":77,"column":55}},"type":"cond-expr","locations":[{"start":{"line":77,"column":37},"end":{"line":77,"column":39}},{"start":{"line":77,"column":30},"end":{"line":77,"column":55}}]},"6":{"loc":{"start":{"line":77,"column":30},"end":{"line":77,"column":39}},"type":"binary-expr","locations":[{"start":{"line":77,"column":30},"end":{"line":77,"column":39}},{"start":{"line":77,"column":30},"end":{"line":77,"column":39}}]},"7":{"loc":{"start":{"line":78,"column":38},"end":{"line":78,"column":71}},"type":"cond-expr","locations":[{"start":{"line":78,"column":45},"end":{"line":78,"column":47}},{"start":{"line":78,"column":38},"end":{"line":78,"column":71}}]},"8":{"loc":{"start":{"line":78,"column":38},"end":{"line":78,"column":47}},"type":"binary-expr","locations":[{"start":{"line":78,"column":38},"end":{"line":78,"column":47}},{"start":{"line":78,"column":38},"end":{"line":78,"column":47}}]},"9":{"loc":{"start":{"line":82,"column":6},"end":{"line":82,"column":39}},"type":"if","locations":[{"start":{"line":82,"column":6},"end":{"line":82,"column":39}}]},"10":{"loc":{"start":{"line":83,"column":6},"end":{"line":83,"column":97}},"type":"if","locations":[{"start":{"line":83,"column":6},"end":{"line":83,"column":97}}]},"11":{"loc":{"start":{"line":84,"column":6},"end":{"line":84,"column":68}},"type":"if","locations":[{"start":{"line":84,"column":6},"end":{"line":84,"column":68}}]},"12":{"loc":{"start":{"line":85,"column":6},"end":{"line":85,"column":62}},"type":"if","locations":[{"start":{"line":85,"column":6},"end":{"line":85,"column":62}}]},"13":{"loc":{"start":{"line":92,"column":22},"end":{"line":92,"column":87}},"type":"cond-expr","locations":[{"start":{"line":92,"column":52},"end":{"line":92,"column":79}},{"start":{"line":92,"column":82},"end":{"line":92,"column":87}}]},"14":{"loc":{"start":{"line":172,"column":4},"end":{"line":172,"column":30}},"type":"default-arg","locations":[{"start":{"line":172,"column":25},"end":{"line":172,"column":30}}]}},"s":{"0":0,"1":0,"2":0,"3":0,"4":0,"5":0,"6":0,"7":0,"8":0,"9":0,"10":0,"11":0,"12":0,"13":0,"14":0,"15":0,"16":0,"17":0,"18":0,"19":0,"20":0,"21":0,"22":0,"23":0,"24":0,"25":0,"26":0,"27":0,"28":0,"29":0,"30":0,"31":0,"32":0,"33":0,"34":0,"35":0,"36":0,"37":0,"38":0,"39":0,"40":0,"41":0,"42":0,"43":0,"44":0,"45":0,"46":0,"47":0,"48":0,"49":0,"50":0,"51":0,"52":0,"53":0,"54":0},"f":{"0":0,"1":0,"2":0,"3":0,"4":0,"5":0,"6":0,"7":0,"8":0,"9":0,"10":0,"11":0,"12":0,"13":0,"14":0,"15":0,"16":0,"17":0,"18":0,"19":0,"20":0,"21":0},"b":{"0":[0,0],"1":[0,0],"2":[0,0],"3":[0,0],"4":[0,0],"5":[0,0],"6":[0,0],"7":[0,0],"8":[0,0],"9":[0],"10":[0],"11":[0],"12":[0],"13":[0,0],"14":[0]}}
,"/home/tim/github/event-scheduling/server/src/services/user.service.ts": {"path":"/home/tim/github/event-scheduling/server/src/services/user.service.ts","statementMap":{"0":{"start":{"line":2,"column":0},"end":{"line":2,"column":35}},"1":{"start":{"line":6,"column":22},"end":{"line":6,"column":42}},"2":{"start":{"line":8,"column":2},"end":{"line":14,"column":4}},"3":{"start":{"line":8,"column":53},"end":{"line":14,"column":4}},"4":{"start":{"line":9,"column":4},"end":{"line":13,"column":7}},"5":{"start":{"line":16,"column":2},"end":{"line":25,"column":4}},"6":{"start":{"line":16,"column":65},"end":{"line":25,"column":4}},"7":{"start":{"line":17,"column":4},"end":{"line":24,"column":7}},"8":{"start":{"line":27,"column":2},"end":{"line":33,"column":4}},"9":{"start":{"line":27,"column":55},"end":{"line":33,"column":4}},"10":{"start":{"line":28,"column":4},"end":{"line":32,"column":7}},"11":{"start":{"line":35,"column":2},"end":{"line":41,"column":4}},"12":{"start":{"line":35,"column":44},"end":{"line":41,"column":4}},"13":{"start":{"line":36,"column":4},"end":{"line":40,"column":7}},"14":{"start":{"line":43,"column":2},"end":{"line":49,"column":4}},"15":{"start":{"line":43,"column":58},"end":{"line":49,"column":4}},"16":{"start":{"line":44,"column":4},"end":{"line":48,"column":7}},"17":{"start":{"line":51,"column":2},"end":{"line":53,"column":4}},"18":{"start":{"line":51,"column":60},"end":{"line":53,"column":4}},"19":{"start":{"line":52,"column":4},"end":{"line":52,"column":41}},"20":{"start":{"line":5,"column":0},"end":{"line":5,"column":13}},"21":{"start":{"line":56,"column":20},"end":{"line":56,"column":43}},"22":{"start":{"line":57,"column":0},"end":{"line":57,"column":27}}},"fnMap":{"0":{"name":"(anonymous_8)","decl":{"start":{"line":6,"column":2},"end":{"line":6,"column":22}},"loc":{"start":{"line":6,"column":42},"end":{"line":6,"column":46}}},"1":{"name":"(anonymous_9)","decl":{"start":{"line":8,"column":15},"end":{"line":8,"column":22}},"loc":{"start":{"line":8,"column":53},"end":{"line":14,"column":4}}},"2":{"name":"(anonymous_10)","decl":{"start":{"line":8,"column":53},"end":{"line":8,"column":null}},"loc":{"start":{"line":8,"column":53},"end":{"line":14,"column":3}}},"3":{"name":"(anonymous_11)","decl":{"start":{"line":16,"column":15},"end":{"line":16,"column":22}},"loc":{"start":{"line":16,"column":65},"end":{"line":25,"column":4}}},"4":{"name":"(anonymous_12)","decl":{"start":{"line":16,"column":65},"end":{"line":16,"column":null}},"loc":{"start":{"line":16,"column":65},"end":{"line":25,"column":3}}},"5":{"name":"(anonymous_13)","decl":{"start":{"line":27,"column":12},"end":{"line":27,"column":19}},"loc":{"start":{"line":27,"column":55},"end":{"line":33,"column":4}}},"6":{"name":"(anonymous_14)","decl":{"start":{"line":27,"column":55},"end":{"line":27,"column":null}},"loc":{"start":{"line":27,"column":55},"end":{"line":33,"column":3}}},"7":{"name":"(anonymous_15)","decl":{"start":{"line":35,"column":16},"end":{"line":35,"column":42}},"loc":{"start":{"line":35,"column":44},"end":{"line":41,"column":4}}},"8":{"name":"(anonymous_16)","decl":{"start":{"line":35,"column":44},"end":{"line":35,"column":null}},"loc":{"start":{"line":35,"column":44},"end":{"line":41,"column":3}}},"9":{"name":"(anonymous_17)","decl":{"start":{"line":43,"column":15},"end":{"line":43,"column":22}},"loc":{"start":{"line":43,"column":58},"end":{"line":49,"column":4}}},"10":{"name":"(anonymous_18)","decl":{"start":{"line":43,"column":58},"end":{"line":43,"column":null}},"loc":{"start":{"line":43,"column":58},"end":{"line":49,"column":3}}},"11":{"name":"(anonymous_19)","decl":{"start":{"line":51,"column":19},"end":{"line":51,"column":58}},"loc":{"start":{"line":51,"column":60},"end":{"line":53,"column":4}}},"12":{"name":"(anonymous_20)","decl":{"start":{"line":51,"column":60},"end":{"line":51,"column":null}},"loc":{"start":{"line":51,"column":60},"end":{"line":53,"column":3}}}},"branchMap":{},"s":{"0":0,"1":0,"2":0,"3":0,"4":0,"5":0,"6":0,"7":0,"8":0,"9":0,"10":0,"11":0,"12":0,"13":0,"14":0,"15":0,"16":0,"17":0,"18":0,"19":0,"20":0,"21":0,"22":0},"f":{"0":0,"1":0,"2":0,"3":0,"4":0,"5":0,"6":0,"7":0,"8":0,"9":0,"10":0,"11":0,"12":0},"b":{}}
,"/home/tim/github/event-scheduling/server/src/utils/server-utils.ts": {"path":"/home/tim/github/event-scheduling/server/src/utils/server-utils.ts","statementMap":{"0":{"start":{"line":2,"column":0},"end":{"line":2,"column":62}},"1":{"start":{"line":5,"column":0},"end":{"line":5,"column":29}},"2":{"start":{"line":6,"column":0},"end":{"line":6,"column":20}},"3":{"start":{"line":7,"column":0},"end":{"line":7,"column":71}},"4":{"start":{"line":9,"column":31},"end":{"line":25,"column":1}},"5":{"start":{"line":18,"column":2},"end":{"line":24,"column":null}},"6":{"start":{"line":19,"column":4},"end":{"line":21,"column":7}},"7":{"start":{"line":23,"column":4},"end":{"line":23,"column":40}},"8":{"start":{"line":9,"column":13},"end":{"line":9,"column":31}},"9":{"start":{"line":27,"column":28},"end":{"line":49,"column":1}},"10":{"start":{"line":36,"column":2},"end":{"line":36,"column":23}},"11":{"start":{"line":37,"column":2},"end":{"line":48,"column":null}},"12":{"start":{"line":38,"column":31},"end":{"line":42,"column":6}},"13":{"start":{"line":43,"column":4},"end":{"line":45,"column":null}},"14":{"start":{"line":44,"column":6},"end":{"line":44,"column":67}},"15":{"start":{"line":47,"column":4},"end":{"line":47,"column":78}},"16":{"start":{"line":27,"column":13},"end":{"line":27,"column":28}},"17":{"start":{"line":51,"column":32},"end":{"line":59,"column":1}},"18":{"start":{"line":52,"column":2},"end":{"line":57,"column":null}},"19":{"start":{"line":53,"column":4},"end":{"line":53,"column":25}},"20":{"start":{"line":54,"column":4},"end":{"line":54,"column":23}},"21":{"start":{"line":56,"column":4},"end":{"line":56,"column":17}},"22":{"start":{"line":58,"column":2},"end":{"line":58,"column":31}},"23":{"start":{"line":51,"column":13},"end":{"line":51,"column":32}},"24":{"start":{"line":61,"column":35},"end":{"line":68,"column":1}},"25":{"start":{"line":62,"column":2},"end":{"line":67,"column":5}},"26":{"start":{"line":63,"column":4},"end":{"line":65,"column":7}},"27":{"start":{"line":66,"column":4},"end":{"line":66,"column":36}},"28":{"start":{"line":61,"column":13},"end":{"line":61,"column":35}},"29":{"start":{"line":70,"column":32},"end":{"line":80,"column":1}},"30":{"start":{"line":71,"column":2},"end":{"line":79,"column":4}},"31":{"start":{"line":70,"column":13},"end":{"line":70,"column":32}},"32":{"start":{"line":82,"column":29},"end":{"line":89,"column":1}},"33":{"start":{"line":83,"column":2},"end":{"line":88,"column":null}},"34":{"start":{"line":84,"column":4},"end":{"line":84,"column":75}},"35":{"start":{"line":86,"column":4},"end":{"line":86,"column":21}},"36":{"start":{"line":87,"column":4},"end":{"line":87,"column":28}},"37":{"start":{"line":82,"column":13},"end":{"line":82,"column":29}}},"fnMap":{"0":{"name":"(anonymous_7)","decl":{"start":{"line":9,"column":31},"end":{"line":9,"column":32}},"loc":{"start":{"line":17,"column":5},"end":{"line":25,"column":1}}},"1":{"name":"(anonymous_8)","decl":{"start":{"line":27,"column":28},"end":{"line":27,"column":29}},"loc":{"start":{"line":35,"column":5},"end":{"line":49,"column":1}}},"2":{"name":"(anonymous_9)","decl":{"start":{"line":51,"column":32},"end":{"line":51,"column":33}},"loc":{"start":{"line":51,"column":82},"end":{"line":59,"column":1}}},"3":{"name":"(anonymous_10)","decl":{"start":{"line":61,"column":35},"end":{"line":61,"column":36}},"loc":{"start":{"line":61,"column":52},"end":{"line":68,"column":1}}},"4":{"name":"(anonymous_11)","decl":{"start":{"line":62,"column":10},"end":{"line":62,"column":11}},"loc":{"start":{"line":62,"column":87},"end":{"line":67,"column":3}}},"5":{"name":"(anonymous_12)","decl":{"start":{"line":70,"column":32},"end":{"line":70,"column":33}},"loc":{"start":{"line":70,"column":70},"end":{"line":80,"column":1}}},"6":{"name":"(anonymous_13)","decl":{"start":{"line":82,"column":29},"end":{"line":82,"column":30}},"loc":{"start":{"line":82,"column":65},"end":{"line":89,"column":1}}}},"branchMap":{"0":{"loc":{"start":{"line":12,"column":2},"end":{"line":12,"column":18}},"type":"default-arg","locations":[{"start":{"line":12,"column":15},"end":{"line":12,"column":18}}]},"1":{"loc":{"start":{"line":18,"column":2},"end":{"line":24,"column":null}},"type":"if","locations":[{"start":{"line":18,"column":2},"end":{"line":24,"column":null}},{"start":{"line":22,"column":9},"end":{"line":24,"column":null}}]},"2":{"loc":{"start":{"line":18,"column":6},"end":{"line":18,"column":29}},"type":"binary-expr","locations":[{"start":{"line":18,"column":6},"end":{"line":18,"column":12}},{"start":{"line":18,"column":16},"end":{"line":18,"column":29}}]},"3":{"loc":{"start":{"line":30,"column":2},"end":{"line":30,"column":19}},"type":"default-arg","locations":[{"start":{"line":30,"column":16},"end":{"line":30,"column":19}}]},"4":{"loc":{"start":{"line":37,"column":2},"end":{"line":48,"column":null}},"type":"if","locations":[{"start":{"line":37,"column":2},"end":{"line":48,"column":null}},{"start":{"line":46,"column":9},"end":{"line":48,"column":null}}]},"5":{"loc":{"start":{"line":43,"column":4},"end":{"line":45,"column":null}},"type":"if","locations":[{"start":{"line":43,"column":4},"end":{"line":45,"column":null}}]}},"s":{"0":0,"1":0,"2":0,"3":0,"4":0,"5":0,"6":0,"7":0,"8":0,"9":0,"10":0,"11":0,"12":0,"13":0,"14":0,"15":0,"16":0,"17":0,"18":0,"19":0,"20":0,"21":0,"22":0,"23":0,"24":0,"25":0,"26":0,"27":0,"28":0,"29":0,"30":0,"31":0,"32":0,"33":0,"34":0,"35":0,"36":0,"37":0},"f":{"0":0,"1":0,"2":0,"3":0,"4":0,"5":0,"6":0},"b":{"0":[0],"1":[0,0],"2":[0,0],"3":[0],"4":[0,0],"5":[0]}}
,"/home/tim/github/event-scheduling/server/src/utils/test-utils.ts": {"path":"/home/tim/github/event-scheduling/server/src/utils/test-utils.ts","statementMap":{"0":{"start":{"line":1,"column":0},"end":{"line":1,"column":35}},"1":{"start":{"line":2,"column":0},"end":{"line":2,"column":40}},"2":{"start":{"line":5,"column":41},"end":{"line":14,"column":2}},"3":{"start":{"line":5,"column":117},"end":{"line":14,"column":2}},"4":{"start":{"line":6,"column":2},"end":{"line":13,"column":null}},"5":{"start":{"line":7,"column":21},"end":{"line":7,"column":65}},"6":{"start":{"line":7,"column":53},"end":{"line":7,"column":64}},"7":{"start":{"line":8,"column":25},"end":{"line":8,"column":52}},"8":{"start":{"line":9,"column":4},"end":{"line":9,"column":24}},"9":{"start":{"line":11,"column":4},"end":{"line":11,"column":25}},"10":{"start":{"line":12,"column":4},"end":{"line":12,"column":16}},"11":{"start":{"line":5,"column":13},"end":{"line":5,"column":41}},"12":{"start":{"line":16,"column":24},"end":{"line":22,"column":2}},"13":{"start":{"line":16,"column":35},"end":{"line":22,"column":2}},"14":{"start":{"line":17,"column":2},"end":{"line":21,"column":5}},"15":{"start":{"line":16,"column":13},"end":{"line":16,"column":24}},"16":{"start":{"line":24,"column":25},"end":{"line":26,"column":2}},"17":{"start":{"line":24,"column":45},"end":{"line":26,"column":2}},"18":{"start":{"line":25,"column":2},"end":{"line":25,"column":48}},"19":{"start":{"line":24,"column":13},"end":{"line":24,"column":25}},"20":{"start":{"line":28,"column":25},"end":{"line":37,"column":2}},"21":{"start":{"line":28,"column":36},"end":{"line":37,"column":2}},"22":{"start":{"line":29,"column":16},"end":{"line":35,"column":4}},"23":{"start":{"line":36,"column":2},"end":{"line":36,"column":15}},"24":{"start":{"line":28,"column":13},"end":{"line":28,"column":25}},"25":{"start":{"line":39,"column":26},"end":{"line":41,"column":2}},"26":{"start":{"line":39,"column":71},"end":{"line":41,"column":2}},"27":{"start":{"line":40,"column":2},"end":{"line":40,"column":64}},"28":{"start":{"line":39,"column":13},"end":{"line":39,"column":26}},"29":{"start":{"line":43,"column":31},"end":{"line":58,"column":2}},"30":{"start":{"line":43,"column":84},"end":{"line":58,"column":2}},"31":{"start":{"line":44,"column":22},"end":{"line":56,"column":4}},"32":{"start":{"line":57,"column":2},"end":{"line":57,"column":21}},"33":{"start":{"line":43,"column":13},"end":{"line":43,"column":31}},"34":{"start":{"line":60,"column":32},"end":{"line":66,"column":2}},"35":{"start":{"line":60,"column":72},"end":{"line":66,"column":2}},"36":{"start":{"line":61,"column":19},"end":{"line":63,"column":4}},"37":{"start":{"line":62,"column":4},"end":{"line":62,"column":95}},"38":{"start":{"line":65,"column":2},"end":{"line":65,"column":44}},"39":{"start":{"line":60,"column":13},"end":{"line":60,"column":32}},"40":{"start":{"line":68,"column":29},"end":{"line":79,"column":2}},"41":{"start":{"line":68,"column":71},"end":{"line":79,"column":2}},"42":{"start":{"line":69,"column":2},"end":{"line":78,"column":20}},"43":{"start":{"line":70,"column":17},"end":{"line":76,"column":6}},"44":{"start":{"line":77,"column":4},"end":{"line":77,"column":16}},"45":{"start":{"line":68,"column":13},"end":{"line":68,"column":29}},"46":{"start":{"line":81,"column":30},"end":{"line":86,"column":2}},"47":{"start":{"line":81,"column":78},"end":{"line":86,"column":2}},"48":{"start":{"line":82,"column":19},"end":{"line":84,"column":4}},"49":{"start":{"line":83,"column":4},"end":{"line":83,"column":42}},"50":{"start":{"line":85,"column":2},"end":{"line":85,"column":44}},"51":{"start":{"line":81,"column":13},"end":{"line":81,"column":30}},"52":{"start":{"line":88,"column":30},"end":{"line":90,"column":2}},"53":{"start":{"line":88,"column":41},"end":{"line":90,"column":2}},"54":{"start":{"line":89,"column":2},"end":{"line":89,"column":33}},"55":{"start":{"line":88,"column":13},"end":{"line":88,"column":30}},"56":{"start":{"line":92,"column":31},"end":{"line":94,"column":2}},"57":{"start":{"line":92,"column":42},"end":{"line":94,"column":2}},"58":{"start":{"line":93,"column":2},"end":{"line":93,"column":34}},"59":{"start":{"line":92,"column":13},"end":{"line":92,"column":31}},"60":{"start":{"line":96,"column":37},"end":{"line":98,"column":2}},"61":{"start":{"line":96,"column":48},"end":{"line":98,"column":2}},"62":{"start":{"line":97,"column":2},"end":{"line":97,"column":45}},"63":{"start":{"line":96,"column":13},"end":{"line":96,"column":37}},"64":{"start":{"line":100,"column":22},"end":{"line":106,"column":2}},"65":{"start":{"line":100,"column":33},"end":{"line":106,"column":2}},"66":{"start":{"line":101,"column":2},"end":{"line":105,"column":18}},"67":{"start":{"line":102,"column":4},"end":{"line":102,"column":28}},"68":{"start":{"line":103,"column":4},"end":{"line":103,"column":34}},"69":{"start":{"line":104,"column":4},"end":{"line":104,"column":27}},"70":{"start":{"line":100,"column":13},"end":{"line":100,"column":22}},"71":{"start":{"line":108,"column":22},"end":{"line":136,"column":2}},"72":{"start":{"line":108,"column":33},"end":{"line":136,"column":2}},"73":{"start":{"line":109,"column":2},"end":{"line":135,"column":20}},"74":{"start":{"line":110,"column":4},"end":{"line":110,"column":19}},"75":{"start":{"line":111,"column":26},"end":{"line":111,"column":45}},"76":{"start":{"line":112,"column":20},"end":{"line":112,"column":40}},"77":{"start":{"line":113,"column":25},"end":{"line":113,"column":108}},"78":{"start":{"line":113,"column":62},"end":{"line":113,"column":101}},"79":{"start":{"line":114,"column":26},"end":{"line":114,"column":110}},"80":{"start":{"line":114,"column":64},"end":{"line":114,"column":103}},"81":{"start":{"line":115,"column":23},"end":{"line":115,"column":25}},"82":{"start":{"line":116,"column":30},"end":{"line":116,"column":32}},"83":{"start":{"line":117,"column":4},"end":{"line":124,"column":null}},"84":{"start":{"line":118,"column":6},"end":{"line":119,"column":115}},"85":{"start":{"line":120,"column":6},"end":{"line":123,"column":40}},"86":{"start":{"line":121,"column":61},"end":{"line":121,"column":80}},"87":{"start":{"line":125,"column":4},"end":{"line":127,"column":null}},"88":{"start":{"line":126,"column":6},"end":{"line":126,"column":37}},"89":{"start":{"line":128,"column":24},"end":{"line":128,"column":null}},"90":{"start":{"line":134,"column":4},"end":{"line":134,"column":23}},"91":{"start":{"line":108,"column":13},"end":{"line":108,"column":22}}},"fnMap":{"0":{"name":"(anonymous_8)","decl":{"start":{"line":5,"column":41},"end":{"line":5,"column":57}},"loc":{"start":{"line":5,"column":117},"end":{"line":14,"column":2}}},"1":{"name":"(anonymous_9)","decl":{"start":{"line":5,"column":117},"end":{"line":5,"column":null}},"loc":{"start":{"line":5,"column":117},"end":{"line":14,"column":1}}},"2":{"name":"(anonymous_10)","decl":{"start":{"line":7,"column":46},"end":{"line":7,"column":47}},"loc":{"start":{"line":7,"column":53},"end":{"line":7,"column":64}}},"3":{"name":"(anonymous_11)","decl":{"start":{"line":16,"column":24},"end":{"line":16,"column":33}},"loc":{"start":{"line":16,"column":35},"end":{"line":22,"column":2}}},"4":{"name":"(anonymous_12)","decl":{"start":{"line":16,"column":35},"end":{"line":16,"column":null}},"loc":{"start":{"line":16,"column":35},"end":{"line":22,"column":1}}},"5":{"name":"(anonymous_13)","decl":{"start":{"line":24,"column":25},"end":{"line":24,"column":32}},"loc":{"start":{"line":24,"column":45},"end":{"line":26,"column":2}}},"6":{"name":"(anonymous_14)","decl":{"start":{"line":24,"column":45},"end":{"line":24,"column":null}},"loc":{"start":{"line":24,"column":45},"end":{"line":26,"column":1}}},"7":{"name":"(anonymous_15)","decl":{"start":{"line":28,"column":25},"end":{"line":28,"column":34}},"loc":{"start":{"line":28,"column":36},"end":{"line":37,"column":2}}},"8":{"name":"(anonymous_16)","decl":{"start":{"line":28,"column":36},"end":{"line":28,"column":null}},"loc":{"start":{"line":28,"column":36},"end":{"line":37,"column":1}}},"9":{"name":"(anonymous_17)","decl":{"start":{"line":39,"column":26},"end":{"line":39,"column":33}},"loc":{"start":{"line":39,"column":71},"end":{"line":41,"column":2}}},"10":{"name":"(anonymous_18)","decl":{"start":{"line":39,"column":71},"end":{"line":39,"column":null}},"loc":{"start":{"line":39,"column":71},"end":{"line":41,"column":1}}},"11":{"name":"(anonymous_19)","decl":{"start":{"line":43,"column":31},"end":{"line":43,"column":38}},"loc":{"start":{"line":43,"column":84},"end":{"line":58,"column":2}}},"12":{"name":"(anonymous_20)","decl":{"start":{"line":43,"column":84},"end":{"line":43,"column":null}},"loc":{"start":{"line":43,"column":84},"end":{"line":58,"column":1}}},"13":{"name":"(anonymous_21)","decl":{"start":{"line":60,"column":32},"end":{"line":60,"column":39}},"loc":{"start":{"line":60,"column":72},"end":{"line":66,"column":2}}},"14":{"name":"(anonymous_22)","decl":{"start":{"line":60,"column":72},"end":{"line":60,"column":null}},"loc":{"start":{"line":60,"column":72},"end":{"line":66,"column":1}}},"15":{"name":"(anonymous_23)","decl":{"start":{"line":61,"column":30},"end":{"line":61,"column":31}},"loc":{"start":{"line":61,"column":40},"end":{"line":63,"column":3}}},"16":{"name":"(anonymous_24)","decl":{"start":{"line":68,"column":29},"end":{"line":68,"column":36}},"loc":{"start":{"line":68,"column":71},"end":{"line":79,"column":2}}},"17":{"name":"(anonymous_25)","decl":{"start":{"line":68,"column":71},"end":{"line":68,"column":null}},"loc":{"start":{"line":68,"column":71},"end":{"line":79,"column":1}}},"18":{"name":"(anonymous_26)","decl":{"start":{"line":81,"column":30},"end":{"line":81,"column":37}},"loc":{"start":{"line":81,"column":78},"end":{"line":86,"column":2}}},"19":{"name":"(anonymous_27)","decl":{"start":{"line":81,"column":78},"end":{"line":81,"column":null}},"loc":{"start":{"line":81,"column":78},"end":{"line":86,"column":1}}},"20":{"name":"(anonymous_28)","decl":{"start":{"line":82,"column":30},"end":{"line":82,"column":31}},"loc":{"start":{"line":82,"column":52},"end":{"line":84,"column":3}}},"21":{"name":"(anonymous_29)","decl":{"start":{"line":88,"column":30},"end":{"line":88,"column":39}},"loc":{"start":{"line":88,"column":41},"end":{"line":90,"column":2}}},"22":{"name":"(anonymous_30)","decl":{"start":{"line":88,"column":41},"end":{"line":88,"column":null}},"loc":{"start":{"line":88,"column":41},"end":{"line":90,"column":1}}},"23":{"name":"(anonymous_31)","decl":{"start":{"line":92,"column":31},"end":{"line":92,"column":40}},"loc":{"start":{"line":92,"column":42},"end":{"line":94,"column":2}}},"24":{"name":"(anonymous_32)","decl":{"start":{"line":92,"column":42},"end":{"line":92,"column":null}},"loc":{"start":{"line":92,"column":42},"end":{"line":94,"column":1}}},"25":{"name":"(anonymous_33)","decl":{"start":{"line":96,"column":37},"end":{"line":96,"column":46}},"loc":{"start":{"line":96,"column":48},"end":{"line":98,"column":2}}},"26":{"name":"(anonymous_34)","decl":{"start":{"line":96,"column":48},"end":{"line":96,"column":null}},"loc":{"start":{"line":96,"column":48},"end":{"line":98,"column":1}}},"27":{"name":"(anonymous_35)","decl":{"start":{"line":100,"column":22},"end":{"line":100,"column":31}},"loc":{"start":{"line":100,"column":33},"end":{"line":106,"column":2}}},"28":{"name":"(anonymous_36)","decl":{"start":{"line":100,"column":33},"end":{"line":100,"column":null}},"loc":{"start":{"line":100,"column":33},"end":{"line":106,"column":1}}},"29":{"name":"(anonymous_37)","decl":{"start":{"line":108,"column":22},"end":{"line":108,"column":31}},"loc":{"start":{"line":108,"column":33},"end":{"line":136,"column":2}}},"30":{"name":"(anonymous_38)","decl":{"start":{"line":108,"column":33},"end":{"line":108,"column":null}},"loc":{"start":{"line":108,"column":33},"end":{"line":136,"column":1}}},"31":{"name":"(anonymous_39)","decl":{"start":{"line":113,"column":49},"end":{"line":113,"column":50}},"loc":{"start":{"line":113,"column":62},"end":{"line":113,"column":101}}},"32":{"name":"(anonymous_40)","decl":{"start":{"line":114,"column":51},"end":{"line":114,"column":52}},"loc":{"start":{"line":114,"column":64},"end":{"line":114,"column":103}}},"33":{"name":"(anonymous_41)","decl":{"start":{"line":121,"column":51},"end":{"line":121,"column":52}},"loc":{"start":{"line":121,"column":61},"end":{"line":121,"column":80}}}},"branchMap":{"0":{"loc":{"start":{"line":113,"column":25},"end":{"line":113,"column":108}},"type":"binary-expr","locations":[{"start":{"line":113,"column":25},"end":{"line":113,"column":102}},{"start":{"line":113,"column":106},"end":{"line":113,"column":108}}]},"1":{"loc":{"start":{"line":113,"column":25},"end":{"line":113,"column":102}},"type":"cond-expr","locations":[{"start":{"line":113,"column":30},"end":{"line":113,"column":32}},{"start":{"line":113,"column":25},"end":{"line":113,"column":102}}]},"2":{"loc":{"start":{"line":113,"column":25},"end":{"line":113,"column":32}},"type":"binary-expr","locations":[{"start":{"line":113,"column":25},"end":{"line":113,"column":32}},{"start":{"line":113,"column":25},"end":{"line":113,"column":32}}]},"3":{"loc":{"start":{"line":114,"column":26},"end":{"line":114,"column":110}},"type":"binary-expr","locations":[{"start":{"line":114,"column":26},"end":{"line":114,"column":104}},{"start":{"line":114,"column":108},"end":{"line":114,"column":110}}]},"4":{"loc":{"start":{"line":114,"column":26},"end":{"line":114,"column":104}},"type":"cond-expr","locations":[{"start":{"line":114,"column":31},"end":{"line":114,"column":33}},{"start":{"line":114,"column":26},"end":{"line":114,"column":104}}]},"5":{"loc":{"start":{"line":114,"column":26},"end":{"line":114,"column":33}},"type":"binary-expr","locations":[{"start":{"line":114,"column":26},"end":{"line":114,"column":33}},{"start":{"line":114,"column":26},"end":{"line":114,"column":33}}]},"6":{"loc":{"start":{"line":117,"column":4},"end":{"line":124,"column":null}},"type":"if","locations":[{"start":{"line":117,"column":4},"end":{"line":124,"column":null}}]},"7":{"loc":{"start":{"line":117,"column":8},"end":{"line":117,"column":31}},"type":"cond-expr","locations":[{"start":{"line":117,"column":23},"end":{"line":117,"column":25}},{"start":{"line":117,"column":23},"end":{"line":117,"column":31}}]},"8":{"loc":{"start":{"line":117,"column":8},"end":{"line":117,"column":25}},"type":"binary-expr","locations":[{"start":{"line":117,"column":8},"end":{"line":117,"column":25}},{"start":{"line":117,"column":23},"end":{"line":117,"column":25}}]},"9":{"loc":{"start":{"line":119,"column":8},"end":{"line":119,"column":114}},"type":"binary-expr","locations":[{"start":{"line":119,"column":9},"end":{"line":119,"column":72}},{"start":{"line":119,"column":78},"end":{"line":119,"column":114}}]},"10":{"loc":{"start":{"line":121,"column":8},"end":{"line":123,"column":39}},"type":"binary-expr","locations":[{"start":{"line":121,"column":8},"end":{"line":122,"column":null}},{"start":{"line":123,"column":14},"end":{"line":123,"column":39}}]},"11":{"loc":{"start":{"line":125,"column":4},"end":{"line":127,"column":null}},"type":"if","locations":[{"start":{"line":125,"column":4},"end":{"line":127,"column":null}}]}},"s":{"0":0,"1":0,"2":0,"3":0,"4":0,"5":0,"6":0,"7":0,"8":0,"9":0,"10":0,"11":0,"12":0,"13":0,"14":0,"15":0,"16":0,"17":0,"18":0,"19":0,"20":0,"21":0,"22":0,"23":0,"24":0,"25":0,"26":0,"27":0,"28":0,"29":0,"30":0,"31":0,"32":0,"33":0,"34":0,"35":0,"36":0,"37":0,"38":0,"39":0,"40":0,"41":0,"42":0,"43":0,"44":0,"45":0,"46":0,"47":0,"48":0,"49":0,"50":0,"51":0,"52":0,"53":0,"54":0,"55":0,"56":0,"57":0,"58":0,"59":0,"60":0,"61":0,"62":0,"63":0,"64":0,"65":0,"66":0,"67":0,"68":0,"69":0,"70":0,"71":0,"72":0,"73":0,"74":0,"75":0,"76":0,"77":0,"78":0,"79":0,"80":0,"81":0,"82":0,"83":0,"84":0,"85":0,"86":0,"87":0,"88":0,"89":0,"90":0,"91":0},"f":{"0":0,"1":0,"2":0,"3":0,"4":0,"5":0,"6":0,"7":0,"8":0,"9":0,"10":0,"11":0,"12":0,"13":0,"14":0,"15":0,"16":0,"17":0,"18":0,"19":0,"20":0,"21":0,"22":0,"23":0,"24":0,"25":0,"26":0,"27":0,"28":0,"29":0,"30":0,"31":0,"32":0,"33":0},"b":{"0":[0,0],"1":[0,0],"2":[0,0],"3":[0,0],"4":[0,0],"5":[0,0],"6":[0],"7":[0,0],"8":[0,0],"9":[0,0],"10":[0,0],"11":[0]}}
}
