TN:
SF:src/server.ts
FN:16,(anonymous_8)
FN:26,(anonymous_9)
FN:35,(anonymous_10)
FN:38,(anonymous_11)
FN:56,(anonymous_12)
FN:57,(anonymous_13)
FN:62,(anonymous_14)
FNF:7
FNH:0
FNDA:0,(anonymous_8)
FNDA:0,(anonymous_9)
FNDA:0,(anonymous_10)
FNDA:0,(anonymous_11)
FNDA:0,(anonymous_12)
FNDA:0,(anonymous_13)
FNDA:0,(anonymous_14)
DA:1,0
DA:2,0
DA:3,0
DA:4,0
DA:5,0
DA:6,0
DA:7,0
DA:9,0
DA:16,0
DA:17,0
DA:18,0
DA:19,0
DA:20,0
DA:21,0
DA:23,0
DA:27,0
DA:28,0
DA:29,0
DA:30,0
DA:31,0
DA:32,0
DA:35,0
DA:38,0
DA:41,0
DA:44,0
DA:47,0
DA:50,0
DA:53,0
DA:57,0
DA:58,0
DA:63,0
DA:64,0
DA:69,0
LF:33
LH:0
BRDA:31,0,0,0
BRDA:63,1,0,0
BRF:2
BRH:0
end_of_record
TN:
SF:src/controllers/event.controller.ts
FN:8,(anonymous_8)
FN:14,(anonymous_9)
FN:14,(anonymous_10)
FN:33,(anonymous_11)
FN:33,(anonymous_12)
FN:45,(anonymous_13)
FN:45,(anonymous_14)
FN:65,(anonymous_15)
FN:65,(anonymous_16)
FN:84,(anonymous_17)
FN:84,(anonymous_18)
FN:98,(anonymous_19)
FN:98,(anonymous_20)
FN:111,(anonymous_21)
FN:111,(anonymous_22)
FN:125,(anonymous_23)
FN:125,(anonymous_24)
FN:140,(anonymous_25)
FN:140,(anonymous_26)
FN:153,(anonymous_27)
FN:153,(anonymous_28)
FNF:21
FNH:0
FNDA:0,(anonymous_8)
FNDA:0,(anonymous_9)
FNDA:0,(anonymous_10)
FNDA:0,(anonymous_11)
FNDA:0,(anonymous_12)
FNDA:0,(anonymous_13)
FNDA:0,(anonymous_14)
FNDA:0,(anonymous_15)
FNDA:0,(anonymous_16)
FNDA:0,(anonymous_17)
FNDA:0,(anonymous_18)
FNDA:0,(anonymous_19)
FNDA:0,(anonymous_20)
FNDA:0,(anonymous_21)
FNDA:0,(anonymous_22)
FNDA:0,(anonymous_23)
FNDA:0,(anonymous_24)
FNDA:0,(anonymous_25)
FNDA:0,(anonymous_26)
FNDA:0,(anonymous_27)
FNDA:0,(anonymous_28)
DA:1,0
DA:3,0
DA:7,0
DA:8,0
DA:14,0
DA:15,0
DA:16,0
DA:18,0
DA:19,0
DA:20,0
DA:22,0
DA:27,0
DA:29,0
DA:33,0
DA:34,0
DA:35,0
DA:36,0
DA:38,0
DA:39,0
DA:41,0
DA:45,0
DA:46,0
DA:47,0
DA:48,0
DA:49,0
DA:50,0
DA:52,0
DA:59,0
DA:61,0
DA:65,0
DA:66,0
DA:67,0
DA:68,0
DA:69,0
DA:70,0
DA:72,0
DA:78,0
DA:80,0
DA:84,0
DA:85,0
DA:86,0
DA:87,0
DA:88,0
DA:90,0
DA:98,0
DA:99,0
DA:100,0
DA:101,0
DA:105,0
DA:107,0
DA:111,0
DA:112,0
DA:113,0
DA:114,0
DA:115,0
DA:117,0
DA:125,0
DA:126,0
DA:127,0
DA:128,0
DA:129,0
DA:134,0
DA:136,0
DA:140,0
DA:141,0
DA:142,0
DA:143,0
DA:147,0
DA:149,0
DA:153,0
DA:154,0
DA:155,0
DA:156,0
DA:157,0
DA:162,0
DA:164,0
DA:168,0
DA:169,0
LF:78
LH:0
BRDA:18,0,0,0
BRDA:39,1,0,0
BRDA:39,1,1,0
BRDA:48,2,0,0
BRDA:48,3,0,0
BRDA:48,3,1,0
BRDA:48,3,2,0
BRDA:59,4,0,0
BRDA:59,4,1,0
BRDA:69,5,0,0
BRDA:78,6,0,0
BRDA:78,6,1,0
BRDA:105,7,0,0
BRDA:105,7,1,0
BRDA:134,8,0,0
BRDA:134,8,1,0
BRDA:147,9,0,0
BRDA:147,9,1,0
BRDA:162,10,0,0
BRDA:162,10,1,0
BRDA:162,11,0,0
BRDA:162,11,1,0
BRF:22
BRH:0
end_of_record
TN:
SF:src/controllers/user.controller.ts
FN:6,(anonymous_8)
FN:7,(anonymous_9)
FN:7,(anonymous_10)
FN:17,(anonymous_11)
FN:17,(anonymous_12)
FN:27,(anonymous_13)
FN:27,(anonymous_14)
FN:36,(anonymous_15)
FN:36,(anonymous_16)
FN:46,(anonymous_17)
FN:46,(anonymous_18)
FN:55,(anonymous_19)
FN:55,(anonymous_20)
FNF:13
FNH:0
FNDA:0,(anonymous_8)
FNDA:0,(anonymous_9)
FNDA:0,(anonymous_10)
FNDA:0,(anonymous_11)
FNDA:0,(anonymous_12)
FNDA:0,(anonymous_13)
FNDA:0,(anonymous_14)
FNDA:0,(anonymous_15)
FNDA:0,(anonymous_16)
FNDA:0,(anonymous_17)
FNDA:0,(anonymous_18)
FNDA:0,(anonymous_19)
FNDA:0,(anonymous_20)
DA:1,0
DA:3,0
DA:5,0
DA:6,0
DA:7,0
DA:8,0
DA:9,0
DA:10,0
DA:11,0
DA:13,0
DA:17,0
DA:18,0
DA:19,0
DA:20,0
DA:21,0
DA:23,0
DA:27,0
DA:28,0
DA:29,0
DA:30,0
DA:32,0
DA:36,0
DA:37,0
DA:38,0
DA:39,0
DA:40,0
DA:42,0
DA:46,0
DA:47,0
DA:48,0
DA:49,0
DA:51,0
DA:55,0
DA:56,0
DA:57,0
DA:58,0
DA:59,0
DA:60,0
DA:62,0
DA:67,0
DA:68,0
LF:41
LH:0
BRDA:40,0,0,0
BRDA:40,0,1,0
BRDA:40,1,0,0
BRDA:40,1,1,0
BRDA:40,2,0,0
BRDA:40,2,1,0
BRDA:40,3,0,0
BRDA:40,3,1,0
BRF:8
BRH:0
end_of_record
TN:
SF:src/lib/prisma.ts
FN:5,(anonymous_0)
FNF:1
FNH:0
FNDA:0,(anonymous_0)
DA:1,0
DA:5,0
DA:6,0
DA:7,0
DA:29,0
DA:31,0
LF:6
LH:0
BRDA:6,0,0,0
BRF:1
BRH:0
end_of_record
TN:
SF:src/router/event.routes.ts
FNF:0
FNH:0
DA:1,0
DA:4,0
LF:2
LH:0
BRF:0
BRH:0
end_of_record
TN:
SF:src/router/index.ts
FN:12,addControllerRoutes
FN:13,(anonymous_1)
FN:16,(anonymous_2)
FNF:3
FNH:0
FNDA:0,addControllerRoutes
FNDA:0,(anonymous_1)
FNDA:0,(anonymous_2)
DA:2,0
DA:3,0
DA:4,0
DA:6,0
DA:12,0
DA:13,0
DA:14,0
DA:16,0
DA:17,0
DA:20,0
LF:10
LH:0
BRF:0
BRH:0
end_of_record
TN:
SF:src/router/user.routes.ts
FNF:0
FNH:0
DA:1,0
DA:4,0
LF:2
LH:0
BRF:0
BRH:0
end_of_record
TN:
SF:src/services/event.service.ts
FN:6,(anonymous_8)
FN:12,(anonymous_9)
FN:20,(anonymous_10)
FN:30,(anonymous_11)
FN:40,(anonymous_12)
FN:51,(anonymous_13)
FN:51,(anonymous_14)
FN:64,(anonymous_15)
FN:76,(anonymous_16)
FN:80,(anonymous_17)
FN:104,(anonymous_18)
FN:104,(anonymous_19)
FN:119,(anonymous_20)
FN:119,(anonymous_21)
FN:129,(anonymous_22)
FN:129,(anonymous_23)
FN:143,(anonymous_24)
FN:151,(anonymous_25)
FN:169,(anonymous_26)
FN:177,(anonymous_27)
FN:194,(anonymous_28)
FN:200,(anonymous_29)
FNF:22
FNH:0
FNDA:0,(anonymous_8)
FNDA:0,(anonymous_9)
FNDA:0,(anonymous_10)
FNDA:0,(anonymous_11)
FNDA:0,(anonymous_12)
FNDA:0,(anonymous_13)
FNDA:0,(anonymous_14)
FNDA:0,(anonymous_15)
FNDA:0,(anonymous_16)
FNDA:0,(anonymous_17)
FNDA:0,(anonymous_18)
FNDA:0,(anonymous_19)
FNDA:0,(anonymous_20)
FNDA:0,(anonymous_21)
FNDA:0,(anonymous_22)
FNDA:0,(anonymous_23)
FNDA:0,(anonymous_24)
FNDA:0,(anonymous_25)
FNDA:0,(anonymous_26)
FNDA:0,(anonymous_27)
FNDA:0,(anonymous_28)
FNDA:0,(anonymous_29)
DA:1,0
DA:5,0
DA:6,0
DA:12,0
DA:20,0
DA:21,0
DA:30,0
DA:40,0
DA:41,0
DA:51,0
DA:52,0
DA:53,0
DA:54,0
DA:61,0
DA:64,0
DA:76,0
DA:77,0
DA:78,0
DA:80,0
DA:81,0
DA:82,0
DA:83,0
DA:84,0
DA:85,0
DA:86,0
DA:89,0
DA:101,0
DA:104,0
DA:105,0
DA:106,0
DA:110,0
DA:111,0
DA:119,0
DA:120,0
DA:129,0
DA:130,0
DA:143,0
DA:151,0
DA:152,0
DA:169,0
DA:177,0
DA:178,0
DA:194,0
DA:200,0
DA:201,0
DA:212,0
DA:213,0
LF:47
LH:0
BRDA:52,0,0,0
BRDA:52,0,1,0
BRDA:52,1,0,0
BRDA:52,1,1,0
BRDA:53,2,0,0
BRDA:53,2,1,0
BRDA:53,3,0,0
BRDA:53,3,1,0
BRDA:58,4,0,0
BRDA:58,4,1,0
BRDA:77,5,0,0
BRDA:77,5,1,0
BRDA:77,6,0,0
BRDA:77,6,1,0
BRDA:78,7,0,0
BRDA:78,7,1,0
BRDA:78,8,0,0
BRDA:78,8,1,0
BRDA:82,9,0,0
BRDA:83,10,0,0
BRDA:84,11,0,0
BRDA:85,12,0,0
BRDA:92,13,0,0
BRDA:92,13,1,0
BRDA:172,14,0,0
BRF:25
BRH:0
end_of_record
TN:
SF:src/services/user.service.ts
FN:6,(anonymous_8)
FN:8,(anonymous_9)
FN:8,(anonymous_10)
FN:16,(anonymous_11)
FN:16,(anonymous_12)
FN:27,(anonymous_13)
FN:27,(anonymous_14)
FN:35,(anonymous_15)
FN:35,(anonymous_16)
FN:43,(anonymous_17)
FN:43,(anonymous_18)
FN:51,(anonymous_19)
FN:51,(anonymous_20)
FNF:13
FNH:0
FNDA:0,(anonymous_8)
FNDA:0,(anonymous_9)
FNDA:0,(anonymous_10)
FNDA:0,(anonymous_11)
FNDA:0,(anonymous_12)
FNDA:0,(anonymous_13)
FNDA:0,(anonymous_14)
FNDA:0,(anonymous_15)
FNDA:0,(anonymous_16)
FNDA:0,(anonymous_17)
FNDA:0,(anonymous_18)
FNDA:0,(anonymous_19)
FNDA:0,(anonymous_20)
DA:2,0
DA:5,0
DA:6,0
DA:8,0
DA:9,0
DA:16,0
DA:17,0
DA:27,0
DA:28,0
DA:35,0
DA:36,0
DA:43,0
DA:44,0
DA:51,0
DA:52,0
DA:56,0
DA:57,0
LF:17
LH:0
BRF:0
BRH:0
end_of_record
TN:
SF:src/utils/server-utils.ts
FN:9,(anonymous_7)
FN:27,(anonymous_8)
FN:51,(anonymous_9)
FN:61,(anonymous_10)
FN:62,(anonymous_11)
FN:70,(anonymous_12)
FN:82,(anonymous_13)
FNF:7
FNH:0
FNDA:0,(anonymous_7)
FNDA:0,(anonymous_8)
FNDA:0,(anonymous_9)
FNDA:0,(anonymous_10)
FNDA:0,(anonymous_11)
FNDA:0,(anonymous_12)
FNDA:0,(anonymous_13)
DA:2,0
DA:5,0
DA:6,0
DA:7,0
DA:9,0
DA:18,0
DA:19,0
DA:23,0
DA:27,0
DA:36,0
DA:37,0
DA:38,0
DA:43,0
DA:44,0
DA:47,0
DA:51,0
DA:52,0
DA:53,0
DA:54,0
DA:56,0
DA:58,0
DA:61,0
DA:62,0
DA:63,0
DA:66,0
DA:70,0
DA:71,0
DA:82,0
DA:83,0
DA:84,0
DA:86,0
DA:87,0
LF:32
LH:0
BRDA:12,0,0,0
BRDA:18,1,0,0
BRDA:18,1,1,0
BRDA:18,2,0,0
BRDA:18,2,1,0
BRDA:30,3,0,0
BRDA:37,4,0,0
BRDA:37,4,1,0
BRDA:43,5,0,0
BRF:9
BRH:0
end_of_record
TN:
SF:src/utils/test-utils.ts
FN:5,(anonymous_8)
FN:5,(anonymous_9)
FN:7,(anonymous_10)
FN:16,(anonymous_11)
FN:16,(anonymous_12)
FN:24,(anonymous_13)
FN:24,(anonymous_14)
FN:28,(anonymous_15)
FN:28,(anonymous_16)
FN:39,(anonymous_17)
FN:39,(anonymous_18)
FN:43,(anonymous_19)
FN:43,(anonymous_20)
FN:60,(anonymous_21)
FN:60,(anonymous_22)
FN:61,(anonymous_23)
FN:68,(anonymous_24)
FN:68,(anonymous_25)
FN:81,(anonymous_26)
FN:81,(anonymous_27)
FN:82,(anonymous_28)
FN:88,(anonymous_29)
FN:88,(anonymous_30)
FN:92,(anonymous_31)
FN:92,(anonymous_32)
FN:96,(anonymous_33)
FN:96,(anonymous_34)
FN:100,(anonymous_35)
FN:100,(anonymous_36)
FN:108,(anonymous_37)
FN:108,(anonymous_38)
FN:113,(anonymous_39)
FN:114,(anonymous_40)
FN:121,(anonymous_41)
FNF:34
FNH:0
FNDA:0,(anonymous_8)
FNDA:0,(anonymous_9)
FNDA:0,(anonymous_10)
FNDA:0,(anonymous_11)
FNDA:0,(anonymous_12)
FNDA:0,(anonymous_13)
FNDA:0,(anonymous_14)
FNDA:0,(anonymous_15)
FNDA:0,(anonymous_16)
FNDA:0,(anonymous_17)
FNDA:0,(anonymous_18)
FNDA:0,(anonymous_19)
FNDA:0,(anonymous_20)
FNDA:0,(anonymous_21)
FNDA:0,(anonymous_22)
FNDA:0,(anonymous_23)
FNDA:0,(anonymous_24)
FNDA:0,(anonymous_25)
FNDA:0,(anonymous_26)
FNDA:0,(anonymous_27)
FNDA:0,(anonymous_28)
FNDA:0,(anonymous_29)
FNDA:0,(anonymous_30)
FNDA:0,(anonymous_31)
FNDA:0,(anonymous_32)
FNDA:0,(anonymous_33)
FNDA:0,(anonymous_34)
FNDA:0,(anonymous_35)
FNDA:0,(anonymous_36)
FNDA:0,(anonymous_37)
FNDA:0,(anonymous_38)
FNDA:0,(anonymous_39)
FNDA:0,(anonymous_40)
FNDA:0,(anonymous_41)
DA:1,0
DA:2,0
DA:5,0
DA:6,0
DA:7,0
DA:8,0
DA:9,0
DA:11,0
DA:12,0
DA:16,0
DA:17,0
DA:24,0
DA:25,0
DA:28,0
DA:29,0
DA:36,0
DA:39,0
DA:40,0
DA:43,0
DA:44,0
DA:57,0
DA:60,0
DA:61,0
DA:62,0
DA:65,0
DA:68,0
DA:69,0
DA:70,0
DA:77,0
DA:81,0
DA:82,0
DA:83,0
DA:85,0
DA:88,0
DA:89,0
DA:92,0
DA:93,0
DA:96,0
DA:97,0
DA:100,0
DA:101,0
DA:102,0
DA:103,0
DA:104,0
DA:108,0
DA:109,0
DA:110,0
DA:111,0
DA:112,0
DA:113,0
DA:114,0
DA:115,0
DA:116,0
DA:117,0
DA:118,0
DA:120,0
DA:121,0
DA:125,0
DA:126,0
DA:128,0
DA:134,0
LF:61
LH:0
BRDA:113,0,0,0
BRDA:113,0,1,0
BRDA:113,1,0,0
BRDA:113,1,1,0
BRDA:113,2,0,0
BRDA:113,2,1,0
BRDA:114,3,0,0
BRDA:114,3,1,0
BRDA:114,4,0,0
BRDA:114,4,1,0
BRDA:114,5,0,0
BRDA:114,5,1,0
BRDA:117,6,0,0
BRDA:117,7,0,0
BRDA:117,7,1,0
BRDA:117,8,0,0
BRDA:117,8,1,0
BRDA:119,9,0,0
BRDA:119,9,1,0
BRDA:121,10,0,0
BRDA:121,10,1,0
BRDA:125,11,0,0
BRF:22
BRH:0
end_of_record
