TN:
SF:src/server.ts
FN:16,(anonymous_8)
FN:26,(anonymous_9)
FN:35,(anonymous_10)
FN:38,(anonymous_11)
FN:56,(anonymous_12)
FN:57,(anonymous_13)
FN:62,(anonymous_14)
FNF:7
FNH:4
FNDA:3,(anonymous_8)
FNDA:3,(anonymous_9)
FNDA:1,(anonymous_10)
FNDA:1,(anonymous_11)
FNDA:0,(anonymous_12)
FNDA:0,(anonymous_13)
FNDA:0,(anonymous_14)
DA:1,3
DA:2,3
DA:3,3
DA:4,3
DA:5,3
DA:6,3
DA:7,3
DA:9,3
DA:16,3
DA:17,3
DA:18,3
DA:19,3
DA:20,3
DA:21,3
DA:23,3
DA:27,3
DA:28,3
DA:29,3
DA:30,3
DA:31,3
DA:32,0
DA:35,3
DA:38,3
DA:41,3
DA:44,3
DA:47,3
DA:50,3
DA:53,3
DA:57,0
DA:58,0
DA:63,0
DA:64,0
DA:69,3
LF:33
LH:28
BRDA:31,0,0,0
BRDA:63,1,0,0
BRF:2
BRH:0
end_of_record
TN:
SF:src/controllers/event.controller.ts
FN:8,(anonymous_8)
FN:14,(anonymous_9)
FN:14,(anonymous_10)
FN:33,(anonymous_11)
FN:33,(anonymous_12)
FN:45,(anonymous_13)
FN:45,(anonymous_14)
FN:65,(anonymous_15)
FN:65,(anonymous_16)
FN:84,(anonymous_17)
FN:84,(anonymous_18)
FN:98,(anonymous_19)
FN:98,(anonymous_20)
FN:111,(anonymous_21)
FN:111,(anonymous_22)
FN:125,(anonymous_23)
FN:125,(anonymous_24)
FN:140,(anonymous_25)
FN:140,(anonymous_26)
FN:153,(anonymous_27)
FN:153,(anonymous_28)
FNF:21
FNH:21
FNDA:3,(anonymous_8)
FNDA:5,(anonymous_9)
FNDA:5,(anonymous_10)
FNDA:5,(anonymous_11)
FNDA:5,(anonymous_12)
FNDA:9,(anonymous_13)
FNDA:9,(anonymous_14)
FNDA:4,(anonymous_15)
FNDA:4,(anonymous_16)
FNDA:3,(anonymous_17)
FNDA:3,(anonymous_18)
FNDA:8,(anonymous_19)
FNDA:8,(anonymous_20)
FNDA:3,(anonymous_21)
FNDA:3,(anonymous_22)
FNDA:11,(anonymous_23)
FNDA:11,(anonymous_24)
FNDA:3,(anonymous_25)
FNDA:3,(anonymous_26)
FNDA:3,(anonymous_27)
FNDA:3,(anonymous_28)
DA:1,3
DA:3,3
DA:7,3
DA:8,3
DA:14,5
DA:15,5
DA:16,5
DA:18,5
DA:19,2
DA:20,2
DA:22,3
DA:27,3
DA:29,0
DA:33,5
DA:34,5
DA:35,5
DA:36,5
DA:38,5
DA:39,5
DA:41,0
DA:45,9
DA:46,9
DA:47,9
DA:48,9
DA:49,1
DA:50,1
DA:52,8
DA:59,8
DA:61,0
DA:65,4
DA:66,4
DA:67,4
DA:68,4
DA:69,4
DA:70,2
DA:72,2
DA:78,1
DA:80,1
DA:84,3
DA:85,3
DA:86,3
DA:87,3
DA:88,2
DA:90,1
DA:98,8
DA:99,8
DA:100,8
DA:101,8
DA:105,6
DA:107,2
DA:111,3
DA:112,3
DA:113,3
DA:114,3
DA:115,2
DA:117,1
DA:125,11
DA:126,11
DA:127,11
DA:128,11
DA:129,11
DA:134,9
DA:136,2
DA:140,3
DA:141,3
DA:142,3
DA:143,3
DA:147,1
DA:149,2
DA:153,3
DA:154,3
DA:155,3
DA:156,3
DA:157,3
DA:162,3
DA:164,0
DA:168,3
DA:169,3
LF:78
LH:74
BRDA:18,0,0,2
BRDA:39,1,0,4
BRDA:39,1,1,1
BRDA:48,2,0,1
BRDA:48,3,0,9
BRDA:48,3,1,2
BRDA:48,3,2,1
BRDA:59,4,0,8
BRDA:59,4,1,0
BRDA:69,5,0,2
BRDA:78,6,0,1
BRDA:78,6,1,0
BRDA:105,7,0,6
BRDA:105,7,1,0
BRDA:134,8,0,9
BRDA:134,8,1,0
BRDA:147,9,0,1
BRDA:147,9,1,0
BRDA:162,10,0,3
BRDA:162,10,1,0
BRDA:162,11,0,3
BRDA:162,11,1,0
BRF:22
BRH:15
end_of_record
TN:
SF:src/controllers/user.controller.ts
FN:6,(anonymous_8)
FN:7,(anonymous_9)
FN:7,(anonymous_10)
FN:17,(anonymous_11)
FN:17,(anonymous_12)
FN:27,(anonymous_13)
FN:27,(anonymous_14)
FN:36,(anonymous_15)
FN:36,(anonymous_16)
FN:46,(anonymous_17)
FN:46,(anonymous_18)
FN:55,(anonymous_19)
FN:55,(anonymous_20)
FNF:13
FNH:11
FNDA:3,(anonymous_8)
FNDA:1,(anonymous_9)
FNDA:1,(anonymous_10)
FNDA:3,(anonymous_11)
FNDA:3,(anonymous_12)
FNDA:0,(anonymous_13)
FNDA:0,(anonymous_14)
FNDA:2,(anonymous_15)
FNDA:2,(anonymous_16)
FNDA:6,(anonymous_17)
FNDA:6,(anonymous_18)
FNDA:2,(anonymous_19)
FNDA:2,(anonymous_20)
DA:1,3
DA:3,3
DA:5,3
DA:6,3
DA:7,3
DA:8,1
DA:9,1
DA:10,1
DA:11,1
DA:13,0
DA:17,3
DA:18,3
DA:19,3
DA:20,3
DA:21,3
DA:23,0
DA:27,3
DA:28,0
DA:29,0
DA:30,0
DA:32,0
DA:36,3
DA:37,2
DA:38,2
DA:39,2
DA:40,2
DA:42,0
DA:46,6
DA:47,6
DA:48,6
DA:49,6
DA:51,0
DA:55,3
DA:56,2
DA:57,2
DA:58,2
DA:59,2
DA:60,2
DA:62,0
DA:67,3
DA:68,3
LF:41
LH:32
BRDA:40,0,0,2
BRDA:40,0,1,1
BRDA:40,1,0,1
BRDA:40,1,1,1
BRDA:40,2,0,1
BRDA:40,2,1,1
BRDA:40,3,0,2
BRDA:40,3,1,1
BRF:8
BRH:8
end_of_record
TN:
SF:src/lib/prisma.ts
FN:5,(anonymous_0)
FNF:1
FNH:1
FNDA:3,(anonymous_0)
DA:1,3
DA:5,3
DA:6,3
DA:7,3
DA:29,3
DA:31,3
LF:6
LH:6
BRDA:6,0,0,3
BRF:1
BRH:1
end_of_record
TN:
SF:src/router/event.routes.ts
FNF:0
FNH:0
DA:1,3
DA:4,3
LF:2
LH:2
BRF:0
BRH:0
end_of_record
TN:
SF:src/router/index.ts
FN:12,addControllerRoutes
FN:13,(anonymous_1)
FN:16,(anonymous_2)
FNF:3
FNH:3
FNDA:3,addControllerRoutes
FNDA:6,(anonymous_1)
FNDA:48,(anonymous_2)
DA:2,3
DA:3,3
DA:4,3
DA:6,3
DA:12,3
DA:13,3
DA:14,6
DA:16,6
DA:17,48
DA:20,6
LF:10
LH:10
BRF:0
BRH:0
end_of_record
TN:
SF:src/router/user.routes.ts
FNF:0
FNH:0
DA:1,3
DA:4,3
LF:2
LH:2
BRF:0
BRH:0
end_of_record
TN:
SF:src/services/event.service.ts
FN:6,(anonymous_8)
FN:12,(anonymous_9)
FN:20,(anonymous_10)
FN:30,(anonymous_11)
FN:40,(anonymous_12)
FN:51,(anonymous_13)
FN:51,(anonymous_14)
FN:64,(anonymous_15)
FN:76,(anonymous_16)
FN:80,(anonymous_17)
FN:104,(anonymous_18)
FN:104,(anonymous_19)
FN:119,(anonymous_20)
FN:119,(anonymous_21)
FN:129,(anonymous_22)
FN:129,(anonymous_23)
FN:143,(anonymous_24)
FN:151,(anonymous_25)
FN:169,(anonymous_26)
FN:177,(anonymous_27)
FN:194,(anonymous_28)
FN:200,(anonymous_29)
FNF:22
FNH:22
FNDA:3,(anonymous_8)
FNDA:3,(anonymous_9)
FNDA:3,(anonymous_10)
FNDA:2,(anonymous_11)
FNDA:2,(anonymous_12)
FNDA:5,(anonymous_13)
FNDA:5,(anonymous_14)
FNDA:8,(anonymous_15)
FNDA:8,(anonymous_16)
FNDA:8,(anonymous_17)
FNDA:3,(anonymous_18)
FNDA:3,(anonymous_19)
FNDA:8,(anonymous_20)
FNDA:8,(anonymous_21)
FNDA:3,(anonymous_22)
FNDA:3,(anonymous_23)
FNDA:3,(anonymous_24)
FNDA:3,(anonymous_25)
FNDA:11,(anonymous_26)
FNDA:11,(anonymous_27)
FNDA:3,(anonymous_28)
FNDA:3,(anonymous_29)
DA:1,3
DA:5,3
DA:6,3
DA:12,3
DA:20,3
DA:21,3
DA:30,3
DA:40,2
DA:41,2
DA:51,5
DA:52,5
DA:53,5
DA:54,5
DA:61,5
DA:64,3
DA:76,8
DA:77,8
DA:78,8
DA:80,8
DA:81,8
DA:82,8
DA:83,8
DA:84,8
DA:85,8
DA:86,8
DA:89,8
DA:101,8
DA:104,3
DA:105,3
DA:106,3
DA:110,0
DA:111,0
DA:119,8
DA:120,8
DA:129,3
DA:130,3
DA:143,3
DA:151,3
DA:152,3
DA:169,3
DA:177,11
DA:178,11
DA:194,3
DA:200,3
DA:201,3
DA:212,3
DA:213,3
LF:47
LH:45
BRDA:52,0,0,2
BRDA:52,0,1,3
BRDA:52,1,0,5
BRDA:52,1,1,5
BRDA:53,2,0,2
BRDA:53,2,1,3
BRDA:53,3,0,5
BRDA:53,3,1,5
BRDA:58,4,0,2
BRDA:58,4,1,3
BRDA:77,5,0,3
BRDA:77,5,1,5
BRDA:77,6,0,8
BRDA:77,6,1,8
BRDA:78,7,0,3
BRDA:78,7,1,5
BRDA:78,8,0,8
BRDA:78,8,1,8
BRDA:82,9,0,1
BRDA:83,10,0,1
BRDA:84,11,0,1
BRDA:85,12,0,0
BRDA:92,13,0,3
BRDA:92,13,1,5
BRDA:172,14,0,9
BRF:25
BRH:24
end_of_record
TN:
SF:src/services/user.service.ts
FN:6,(anonymous_8)
FN:8,(anonymous_9)
FN:8,(anonymous_10)
FN:16,(anonymous_11)
FN:16,(anonymous_12)
FN:27,(anonymous_13)
FN:27,(anonymous_14)
FN:35,(anonymous_15)
FN:35,(anonymous_16)
FN:43,(anonymous_17)
FN:43,(anonymous_18)
FN:51,(anonymous_19)
FN:51,(anonymous_20)
FNF:13
FNH:11
FNDA:3,(anonymous_8)
FNDA:1,(anonymous_9)
FNDA:1,(anonymous_10)
FNDA:2,(anonymous_11)
FNDA:2,(anonymous_12)
FNDA:2,(anonymous_13)
FNDA:2,(anonymous_14)
FNDA:6,(anonymous_15)
FNDA:6,(anonymous_16)
FNDA:3,(anonymous_17)
FNDA:3,(anonymous_18)
FNDA:0,(anonymous_19)
FNDA:0,(anonymous_20)
DA:2,3
DA:5,3
DA:6,3
DA:8,3
DA:9,1
DA:16,3
DA:17,2
DA:27,3
DA:28,2
DA:35,6
DA:36,6
DA:43,3
DA:44,3
DA:51,3
DA:52,0
DA:56,3
DA:57,3
LF:17
LH:16
BRF:0
BRH:0
end_of_record
TN:
SF:src/utils/server-utils.ts
FN:9,(anonymous_7)
FN:27,(anonymous_8)
FN:51,(anonymous_9)
FN:61,(anonymous_10)
FN:62,(anonymous_11)
FN:70,(anonymous_12)
FN:82,(anonymous_13)
FNF:7
FNH:7
FNDA:52,(anonymous_7)
FNDA:9,(anonymous_8)
FNDA:10,(anonymous_9)
FNDA:3,(anonymous_10)
FNDA:2,(anonymous_11)
FNDA:3,(anonymous_12)
FNDA:3,(anonymous_13)
DA:2,3
DA:5,3
DA:6,3
DA:7,3
DA:9,3
DA:18,52
DA:19,49
DA:23,3
DA:27,3
DA:36,9
DA:37,9
DA:38,9
DA:43,9
DA:44,9
DA:47,0
DA:51,3
DA:52,10
DA:53,10
DA:54,10
DA:56,0
DA:58,10
DA:61,3
DA:62,3
DA:63,2
DA:66,2
DA:70,3
DA:71,3
DA:82,3
DA:83,3
DA:84,3
DA:86,0
DA:87,0
LF:32
LH:28
BRDA:12,0,0,8
BRDA:18,1,0,49
BRDA:18,1,1,3
BRDA:18,2,0,52
BRDA:18,2,1,7
BRDA:30,3,0,9
BRDA:37,4,0,9
BRDA:37,4,1,0
BRDA:43,5,0,9
BRF:9
BRH:8
end_of_record
TN:
SF:src/utils/test-utils.ts
FN:5,(anonymous_8)
FN:5,(anonymous_9)
FN:7,(anonymous_10)
FN:16,(anonymous_11)
FN:16,(anonymous_12)
FN:24,(anonymous_13)
FN:24,(anonymous_14)
FN:28,(anonymous_15)
FN:28,(anonymous_16)
FN:39,(anonymous_17)
FN:39,(anonymous_18)
FN:43,(anonymous_19)
FN:43,(anonymous_20)
FN:60,(anonymous_21)
FN:60,(anonymous_22)
FN:61,(anonymous_23)
FN:68,(anonymous_24)
FN:68,(anonymous_25)
FN:81,(anonymous_26)
FN:81,(anonymous_27)
FN:82,(anonymous_28)
FN:88,(anonymous_29)
FN:88,(anonymous_30)
FN:92,(anonymous_31)
FN:92,(anonymous_32)
FN:96,(anonymous_33)
FN:96,(anonymous_34)
FN:100,(anonymous_35)
FN:100,(anonymous_36)
FN:108,(anonymous_37)
FN:108,(anonymous_38)
FN:113,(anonymous_39)
FN:114,(anonymous_40)
FN:121,(anonymous_41)
FNF:34
FNH:34
FNDA:226,(anonymous_8)
FNDA:226,(anonymous_9)
FNDA:2316,(anonymous_10)
FNDA:250,(anonymous_11)
FNDA:250,(anonymous_12)
FNDA:16,(anonymous_13)
FNDA:16,(anonymous_14)
FNDA:150,(anonymous_15)
FNDA:150,(anonymous_16)
FNDA:10,(anonymous_17)
FNDA:10,(anonymous_18)
FNDA:2016,(anonymous_19)
FNDA:2016,(anonymous_20)
FNDA:10,(anonymous_21)
FNDA:10,(anonymous_22)
FNDA:200,(anonymous_23)
FNDA:106,(anonymous_24)
FNDA:106,(anonymous_25)
FNDA:10,(anonymous_26)
FNDA:10,(anonymous_27)
FNDA:100,(anonymous_28)
FNDA:31,(anonymous_29)
FNDA:31,(anonymous_30)
FNDA:30,(anonymous_31)
FNDA:30,(anonymous_32)
FNDA:30,(anonymous_33)
FNDA:30,(anonymous_34)
FNDA:30,(anonymous_35)
FNDA:30,(anonymous_36)
FNDA:10,(anonymous_37)
FNDA:10,(anonymous_38)
FNDA:100,(anonymous_39)
FNDA:100,(anonymous_40)
FNDA:90,(anonymous_41)
DA:1,2
DA:2,2
DA:5,226
DA:6,226
DA:7,2316
DA:8,226
DA:9,29
DA:11,197
DA:12,197
DA:16,250
DA:17,250
DA:24,16
DA:25,16
DA:28,150
DA:29,150
DA:36,150
DA:39,10
DA:40,10
DA:43,2016
DA:44,2016
DA:57,2016
DA:60,10
DA:61,10
DA:62,200
DA:65,10
DA:68,106
DA:69,106
DA:70,106
DA:77,32
DA:81,10
DA:82,10
DA:83,100
DA:85,10
DA:88,31
DA:89,31
DA:92,30
DA:93,30
DA:96,30
DA:97,30
DA:100,30
DA:101,30
DA:102,30
DA:103,30
DA:104,30
DA:108,10
DA:109,10
DA:110,10
DA:111,10
DA:112,10
DA:113,100
DA:114,100
DA:115,10
DA:116,10
DA:117,10
DA:118,10
DA:120,10
DA:121,90
DA:125,10
DA:126,0
DA:128,10
DA:134,10
LF:61
LH:60
BRDA:113,0,0,10
BRDA:113,0,1,0
BRDA:113,1,0,0
BRDA:113,1,1,10
BRDA:113,2,0,10
BRDA:113,2,1,10
BRDA:114,3,0,10
BRDA:114,3,1,0
BRDA:114,4,0,0
BRDA:114,4,1,10
BRDA:114,5,0,10
BRDA:114,5,1,10
BRDA:117,6,0,10
BRDA:117,7,0,0
BRDA:117,7,1,10
BRDA:117,8,0,10
BRDA:117,8,1,10
BRDA:119,9,0,10
BRDA:119,9,1,0
BRDA:121,10,0,10
BRDA:121,10,1,0
BRDA:125,11,0,0
BRF:22
BRH:14
end_of_record
